TN:
SF:/Users/simonrichardson/Documents/sublime-workspace/squishy-pants/bin/squishy-pants.js
FN:2,(anonymous_1)
FN:105,findRegistered
FN:117,makeMethod
FN:118,(anonymous_4)
FN:132,environment
FN:139,(anonymous_6)
FN:147,(anonymous_7)
FN:152,(anonymous_8)
FN:156,(anonymous_9)
FN:200,functionName
FN:209,functionLength
FN:219,create
FN:220,Ctor
FN:233,getInstance
FN:246,singleton
FN:259,extend
FN:260,(anonymous_17)
FN:281,bind
FN:282,curriedBind
FN:289,(anonymous_20)
FN:327,curry
FN:328,(anonymous_22)
FN:353,compose
FN:354,(anonymous_24)
FN:366,identity
FN:378,constant
FN:379,(anonymous_27)
FN:391,(anonymous_28)
FN:401,(anonymous_29)
FN:410,(anonymous_30)
FN:411,(anonymous_31)
FN:421,(anonymous_32)
FN:432,(anonymous_33)
FN:442,liftA2
FN:453,arrayOf
FN:470,objectLike
FN:481,(anonymous_37)
FN:490,(anonymous_38)
FN:500,(anonymous_39)
FN:509,(anonymous_40)
FN:518,(anonymous_41)
FN:529,(anonymous_42)
FN:538,not
FN:547,error
FN:548,(anonymous_45)
FN:558,oneOf
FN:567,(anonymous_47)
FN:576,range
FN:578,(anonymous_49)
FN:592,randomRange
FN:603,randomIntRangeWithout
FN:614,inc
FN:623,dec
FN:633,retrieveMethod
FN:640,point
FN:647,zero
FN:656,rest
FN:665,flip
FN:666,(anonymous_59)
FN:680,select
FN:681,(anonymous_61)
FN:695,optional
FN:696,(anonymous_63)
FN:707,nothing
FN:758,(anonymous_65)
FN:802,isArray
FN:812,(anonymous_67)
FN:824,isNull
FN:833,isUndefined
FN:842,isNaN
FN:851,isNotNaN
FN:861,isEven
FN:870,isOdd
FN:879,isPalindrome
FN:892,(anonymous_75)
FN:915,(anonymous_76)
FN:932,(anonymous_77)
FN:949,(anonymous_78)
FN:966,(anonymous_79)
FN:985,isPlainObject
FN:1012,(anonymous_81)
FN:1015,(anonymous_82)
FN:1018,(anonymous_83)
FN:1021,(anonymous_84)
FN:1085,generateInputs
FN:1086,(anonymous_86)
FN:1091,findSmallest
FN:1117,failureReporter
FN:1140,forAll
FN:1223,(anonymous_90)
FN:1227,(anonymous_91)
FN:1230,(anonymous_92)
FN:1233,(anonymous_93)
FN:1237,(anonymous_94)
FN:1241,(anonymous_95)
FN:1244,(anonymous_96)
FN:1247,(anonymous_97)
FN:1258,(anonymous_98)
FN:1272,(anonymous_99)
FN:1281,(anonymous_100)
FN:1292,(anonymous_101)
FN:1304,(anonymous_102)
FN:1316,(anonymous_103)
FN:1319,(anonymous_104)
FN:1334,(anonymous_105)
FN:1346,(anonymous_106)
FN:1351,(anonymous_107)
FN:1354,(anonymous_108)
FN:1357,(anonymous_109)
FN:1358,(anonymous_110)
FN:1364,(anonymous_111)
FN:1366,(anonymous_112)
FN:1370,(anonymous_113)
FN:1372,(anonymous_114)
FN:1378,(anonymous_115)
FN:1381,(anonymous_116)
FN:1384,(anonymous_117)
FN:1387,(anonymous_118)
FN:1390,(anonymous_119)
FN:1393,(anonymous_120)
FN:1409,(anonymous_121)
FN:1413,(anonymous_122)
FN:1420,(anonymous_123)
FN:1438,(anonymous_124)
FN:1441,(anonymous_125)
FN:1460,(anonymous_126)
FN:1481,(anonymous_127)
FN:1485,(anonymous_128)
FN:1488,(anonymous_129)
FN:1491,(anonymous_130)
FN:1492,(anonymous_131)
FN:1494,(anonymous_132)
FN:1497,(anonymous_133)
FN:1500,(anonymous_134)
FN:1514,tagged
FN:1515,wrapped
FN:1539,makeToString
FN:1540,(anonymous_138)
FN:1541,(anonymous_139)
FN:1544,(anonymous_140)
FN:1551,makeToArray
FN:1552,(anonymous_142)
FN:1553,(anonymous_143)
FN:1556,(anonymous_144)
FN:1596,taggedSum
FN:1600,definitions
FN:1604,constructMatch
FN:1605,(anonymous_148)
FN:1618,makeProto
FN:1699,(anonymous_150)
FN:1721,(anonymous_151)
FN:1739,(anonymous_152)
FN:1748,(anonymous_153)
FN:1768,(anonymous_154)
FN:1777,(anonymous_155)
FN:1787,(anonymous_156)
FN:1806,(anonymous_157)
FN:1824,(anonymous_158)
FN:1825,(anonymous_159)
FN:1835,(anonymous_160)
FN:1855,(anonymous_161)
FN:1873,(anonymous_162)
FN:1883,(anonymous_163)
FN:1900,(anonymous_164)
FN:1915,(anonymous_165)
FN:1925,(anonymous_166)
FN:1942,(anonymous_167)
FN:1962,(anonymous_168)
FN:1980,(anonymous_169)
FN:1997,(anonymous_170)
FN:2006,(anonymous_171)
FN:2015,(anonymous_172)
FN:2025,(anonymous_173)
FN:2045,(anonymous_174)
FN:2063,(anonymous_175)
FN:2182,fo
FN:2197,(anonymous_177)
FN:2201,(anonymous_178)
FN:2255,(anonymous_179)
FN:2280,(anonymous_180)
FN:2282,(anonymous_181)
FN:2307,(anonymous_182)
FN:2341,(anonymous_183)
FN:2343,(anonymous_184)
FN:2350,(anonymous_185)
FN:2360,(anonymous_186)
FN:2379,(anonymous_187)
FN:2380,(anonymous_188)
FN:2393,(anonymous_189)
FN:2394,(anonymous_190)
FN:2406,(anonymous_191)
FN:2418,(anonymous_192)
FN:2419,(anonymous_193)
FN:2488,(anonymous_194)
FN:2491,(anonymous_195)
FN:2494,(anonymous_196)
FN:2497,(anonymous_197)
FN:2511,(anonymous_198)
FN:2524,(anonymous_199)
FN:2526,(anonymous_200)
FN:2528,(anonymous_201)
FN:2534,(anonymous_202)
FN:2537,(anonymous_203)
FN:2550,(anonymous_204)
FN:2564,(anonymous_205)
FN:2577,(anonymous_206)
FN:2579,(anonymous_207)
FN:2582,(anonymous_208)
FN:2593,(anonymous_209)
FN:2607,(anonymous_210)
FN:2610,(anonymous_211)
FN:2622,(anonymous_212)
FN:2635,(anonymous_213)
FN:2647,(anonymous_214)
FN:2657,(anonymous_215)
FN:2685,(anonymous_216)
FN:2694,(anonymous_217)
FN:2733,successOf
FN:2753,failureOf
FN:2773,attemptTOf
FN:2796,(anonymous_221)
FN:2797,(anonymous_222)
FN:2799,(anonymous_223)
FN:2801,(anonymous_224)
FN:2804,(anonymous_225)
FN:2809,(anonymous_226)
FN:2835,(anonymous_227)
FN:2838,(anonymous_228)
FN:2842,(anonymous_229)
FN:2845,(anonymous_230)
FN:2848,(anonymous_231)
FN:2852,(anonymous_232)
FN:2855,(anonymous_233)
FN:2858,(anonymous_234)
FN:2861,(anonymous_235)
FN:2865,(anonymous_236)
FN:2868,(anonymous_237)
FN:2871,(anonymous_238)
FN:2874,(anonymous_239)
FN:2877,(anonymous_240)
FN:2914,(anonymous_241)
FN:2918,(anonymous_242)
FN:2930,(anonymous_243)
FN:2944,(anonymous_244)
FN:2947,(anonymous_245)
FN:2954,(anonymous_246)
FN:2955,(anonymous_247)
FN:2967,(anonymous_248)
FN:2969,(anonymous_249)
FN:2971,(anonymous_250)
FN:2977,(anonymous_251)
FN:2980,(anonymous_252)
FN:2993,(anonymous_253)
FN:3007,(anonymous_254)
FN:3020,(anonymous_255)
FN:3024,(anonymous_256)
FN:3035,(anonymous_257)
FN:3037,(anonymous_258)
FN:3040,(anonymous_259)
FN:3053,(anonymous_260)
FN:3055,(anonymous_261)
FN:3068,(anonymous_262)
FN:3080,(anonymous_263)
FN:3090,(anonymous_264)
FN:3118,(anonymous_265)
FN:3127,(anonymous_266)
FN:3167,leftOf
FN:3187,rightOf
FN:3212,eitherTOf
FN:3230,(anonymous_270)
FN:3231,(anonymous_271)
FN:3233,(anonymous_272)
FN:3235,(anonymous_273)
FN:3238,(anonymous_274)
FN:3243,(anonymous_275)
FN:3269,(anonymous_276)
FN:3272,(anonymous_277)
FN:3276,(anonymous_278)
FN:3279,(anonymous_279)
FN:3282,(anonymous_280)
FN:3286,(anonymous_281)
FN:3289,(anonymous_282)
FN:3292,(anonymous_283)
FN:3295,(anonymous_284)
FN:3298,(anonymous_285)
FN:3302,(anonymous_286)
FN:3305,(anonymous_287)
FN:3308,(anonymous_288)
FN:3311,(anonymous_289)
FN:3314,(anonymous_290)
FN:3353,(anonymous_291)
FN:3364,(anonymous_292)
FN:3366,(anonymous_293)
FN:3378,(anonymous_294)
FN:3391,(anonymous_295)
FN:3393,(anonymous_296)
FN:3396,(anonymous_297)
FN:3410,(anonymous_298)
FN:3412,(anonymous_299)
FN:3414,(anonymous_300)
FN:3420,(anonymous_301)
FN:3434,(anonymous_302)
FN:3448,(anonymous_303)
FN:3460,(anonymous_304)
FN:3472,(anonymous_305)
FN:3485,(anonymous_306)
FN:3487,(anonymous_307)
FN:3499,(anonymous_308)
FN:3502,(anonymous_309)
FN:3514,(anonymous_310)
FN:3517,(anonymous_311)
FN:3529,(anonymous_312)
FN:3532,(anonymous_313)
FN:3543,(anonymous_314)
FN:3552,(anonymous_315)
FN:3608,someOf
FN:3628,noneOf
FN:3647,optionTOf
FN:3670,(anonymous_319)
FN:3671,(anonymous_320)
FN:3673,(anonymous_321)
FN:3675,(anonymous_322)
FN:3681,(anonymous_323)
FN:3708,(anonymous_324)
FN:3711,(anonymous_325)
FN:3715,(anonymous_326)
FN:3718,(anonymous_327)
FN:3721,(anonymous_328)
FN:3725,(anonymous_329)
FN:3728,(anonymous_330)
FN:3731,(anonymous_331)
FN:3734,(anonymous_332)
FN:3738,(anonymous_333)
FN:3741,(anonymous_334)
FN:3744,(anonymous_335)
FN:3747,(anonymous_336)
FN:3750,(anonymous_337)
FN:3789,(anonymous_338)
FN:3798,(anonymous_339)
FN:3807,(anonymous_340)
FN:3816,(anonymous_341)
FN:3826,(anonymous_342)
FN:3838,(anonymous_343)
FN:3848,(anonymous_344)
FN:3866,(anonymous_345)
FN:3876,(anonymous_346)
FN:3889,(anonymous_347)
FN:3899,(anonymous_348)
FN:3917,(anonymous_349)
FN:3927,(anonymous_350)
FN:3941,(anonymous_351)
FN:3951,(anonymous_352)
FN:3969,(anonymous_353)
FN:3979,(anonymous_354)
FN:3994,(anonymous_355)
FN:4004,(anonymous_356)
FN:4041,(anonymous_357)
FN:4053,(anonymous_358)
FN:4054,(anonymous_359)
FN:4057,(anonymous_360)
FN:4060,(anonymous_361)
FN:4074,tuple2Of
FN:4094,tuple3Of
FN:4114,tuple4Of
FN:4134,tuple5Of
FN:4152,(anonymous_366)
FN:4153,(anonymous_367)
FN:4155,(anonymous_368)
FN:4160,(anonymous_369)
FN:4219,(anonymous_370)
FN:4222,(anonymous_371)
FN:4225,(anonymous_372)
FN:4228,(anonymous_373)
FN:4231,(anonymous_374)
FN:4263,(anonymous_375)
FN:4265,(anonymous_376)
FN:4276,(anonymous_377)
FN:4285,(anonymous_378)
FN:4287,(anonymous_379)
FN:4299,(anonymous_380)
FN:4302,(anonymous_381)
FN:4304,(anonymous_382)
FN:4318,(anonymous_383)
FN:4321,(anonymous_384)
FN:4332,(anonymous_385)
FN:4345,(anonymous_386)
FN:4348,(anonymous_387)
FN:4350,(anonymous_388)
FN:4365,(anonymous_389)
FN:4368,(anonymous_390)
FN:4371,(anonymous_391)
FN:4404,(anonymous_392)
FN:4422,promiseOf
FN:4442,promiseTOf
FN:4465,(anonymous_395)
FN:4466,(anonymous_396)
FN:4468,(anonymous_397)
FN:4471,(anonymous_398)
FN:4489,(anonymous_399)
FN:4492,(anonymous_400)
FN:4496,(anonymous_401)
FN:4499,(anonymous_402)
FN:4503,(anonymous_403)
FN:4506,(anonymous_404)
FN:4510,(anonymous_405)
FN:4513,(anonymous_406)
FN:4516,(anonymous_407)
FN:4548,done
FN:4561,cont
FN:4574,trampoline
FN:4619,(anonymous_411)
FN:4621,(anonymous_412)
FN:4636,(anonymous_413)
FN:4646,(anonymous_414)
FN:4648,(anonymous_415)
FN:4660,(anonymous_416)
FN:4666,(anonymous_417)
FN:4667,(anonymous_418)
FN:4672,(anonymous_419)
FN:4680,(anonymous_420)
FN:4696,(anonymous_421)
FN:4698,(anonymous_422)
FN:4700,(anonymous_423)
FN:4714,(anonymous_424)
FN:4716,(anonymous_425)
FN:4719,(anonymous_426)
FN:4731,(anonymous_427)
FN:4734,(anonymous_428)
FN:4750,(anonymous_429)
FN:4753,(anonymous_430)
FN:4764,(anonymous_431)
FN:4776,(anonymous_432)
FN:4778,(anonymous_433)
FN:4780,(anonymous_434)
FN:4795,(anonymous_435)
FN:4798,(anonymous_436)
FN:4800,(anonymous_437)
FN:4804,(anonymous_438)
FN:4818,(anonymous_439)
FN:4823,(anonymous_440)
FN:4835,(anonymous_441)
FN:4837,(anonymous_442)
FN:4848,(anonymous_443)
FN:4852,(anonymous_444)
FN:4866,(anonymous_445)
FN:4869,(anonymous_446)
FN:4871,(anonymous_447)
FN:4886,(anonymous_448)
FN:4889,(anonymous_449)
FN:4891,(anonymous_450)
FN:4905,(anonymous_451)
FN:4908,(anonymous_452)
FN:4921,(anonymous_453)
FN:4925,(anonymous_454)
FN:4931,(anonymous_455)
FN:4942,(anonymous_456)
FN:4961,(anonymous_457)
FN:4964,(anonymous_458)
FN:4975,(anonymous_459)
FN:4977,(anonymous_460)
FN:5009,(anonymous_461)
FN:5027,streamOf
FN:5047,streamTOf
FN:5070,(anonymous_464)
FN:5071,(anonymous_465)
FN:5073,(anonymous_466)
FN:5076,(anonymous_467)
FN:5095,(anonymous_468)
FN:5098,(anonymous_469)
FN:5102,(anonymous_470)
FN:5106,(anonymous_471)
FN:5110,(anonymous_472)
FN:5113,(anonymous_473)
FN:5116,(anonymous_474)
FN:5119,(anonymous_475)
FN:5123,(anonymous_476)
FN:5126,(anonymous_477)
FN:5129,(anonymous_478)
FN:5132,(anonymous_479)
FN:5135,(anonymous_480)
FN:5167,(anonymous_481)
FN:5168,(anonymous_482)
FN:5179,(anonymous_483)
FN:5181,(anonymous_484)
FN:5192,(anonymous_485)
FN:5201,(anonymous_486)
FN:5211,(anonymous_487)
FN:5212,(anonymous_488)
FN:5222,(anonymous_489)
FN:5224,(anonymous_490)
FN:5265,identityOf
FN:5285,identityTOf
FN:5308,(anonymous_493)
FN:5309,(anonymous_494)
FN:5311,(anonymous_495)
FN:5314,(anonymous_496)
FN:5333,(anonymous_497)
FN:5336,(anonymous_498)
FN:5340,(anonymous_499)
FN:5343,(anonymous_500)
FN:5347,(anonymous_501)
FN:5350,(anonymous_502)
FN:5353,(anonymous_503)
FN:5357,(anonymous_504)
FN:5360,(anonymous_505)
FN:5363,(anonymous_506)
FN:5366,(anonymous_507)
FN:5369,(anonymous_508)
FN:5391,(anonymous_509)
FN:5392,(anonymous_510)
FN:5403,(anonymous_511)
FN:5404,(anonymous_512)
FN:5415,(anonymous_513)
FN:5417,(anonymous_514)
FN:5428,(anonymous_515)
FN:5429,(anonymous_516)
FN:5452,(anonymous_517)
FN:5455,(anonymous_518)
FN:5458,(anonymous_519)
FN:5461,(anonymous_520)
FN:5484,(anonymous_521)
FN:5485,(anonymous_522)
FN:5488,(anonymous_523)
FN:5500,(anonymous_524)
FN:5501,(anonymous_525)
FN:5503,(anonymous_526)
FN:5506,(anonymous_527)
FN:5518,(anonymous_528)
FN:5519,(anonymous_529)
FN:5521,(anonymous_530)
FN:5526,(anonymous_531)
FN:5548,(anonymous_532)
FN:5549,(anonymous_533)
FN:5550,(anonymous_534)
FN:5571,(anonymous_535)
FN:5580,(anonymous_536)
FN:5582,(anonymous_537)
FN:5598,(anonymous_538)
FN:5600,(anonymous_539)
FN:5622,(anonymous_540)
FN:5623,(anonymous_541)
FN:5634,(anonymous_542)
FN:5636,(anonymous_543)
FN:5649,(anonymous_544)
FN:5651,(anonymous_545)
FN:5663,(anonymous_546)
FN:5672,(anonymous_547)
FN:5674,(anonymous_548)
FN:5675,(anonymous_549)
FN:5676,(anonymous_550)
FN:5728,(anonymous_551)
FN:5737,(anonymous_552)
FN:5740,(anonymous_553)
FN:5743,(anonymous_554)
FN:5757,(anonymous_555)
FN:5758,(anonymous_556)
FN:5777,storeOf
FN:5800,(anonymous_558)
FN:5801,(anonymous_559)
FN:5803,(anonymous_560)
FN:5809,(anonymous_561)
FN:5824,(anonymous_562)
FN:5827,(anonymous_563)
FN:5830,(anonymous_564)
FN:5833,(anonymous_565)
FN:5840,(anonymous_566)
FN:5861,(anonymous_567)
FN:5870,(anonymous_568)
FN:5871,(anonymous_569)
FN:5881,(anonymous_570)
FN:5891,(anonymous_571)
FN:5892,(anonymous_572)
FN:5903,(anonymous_573)
FN:5905,(anonymous_574)
FN:5916,(anonymous_575)
FN:5917,(anonymous_576)
FN:5957,readerOf
FN:5977,readerTOf
FN:6000,(anonymous_579)
FN:6001,(anonymous_580)
FN:6003,(anonymous_581)
FN:6006,(anonymous_582)
FN:6024,(anonymous_583)
FN:6027,(anonymous_584)
FN:6031,(anonymous_585)
FN:6034,(anonymous_586)
FN:6038,(anonymous_587)
FN:6041,(anonymous_588)
FN:6044,(anonymous_589)
FN:6047,(anonymous_590)
FN:6068,(anonymous_591)
FN:6069,(anonymous_592)
FN:6079,(anonymous_593)
FN:6080,(anonymous_594)
FN:6090,(anonymous_595)
FN:6091,(anonymous_596)
FN:6102,(anonymous_597)
FN:6103,(anonymous_598)
FN:6104,(anonymous_599)
FN:6116,(anonymous_600)
FN:6118,(anonymous_601)
FN:6132,(anonymous_602)
FN:6133,(anonymous_603)
FN:6173,writerOf
FN:6193,writerTOf
FN:6216,(anonymous_606)
FN:6217,(anonymous_607)
FN:6219,(anonymous_608)
FN:6222,(anonymous_609)
FN:6241,(anonymous_610)
FN:6244,(anonymous_611)
FN:6248,(anonymous_612)
FN:6251,(anonymous_613)
FN:6255,(anonymous_614)
FN:6258,(anonymous_615)
FN:6261,(anonymous_616)
FN:6264,(anonymous_617)
FN:6284,(anonymous_618)
FN:6285,(anonymous_619)
FN:6295,(anonymous_620)
FN:6304,(anonymous_621)
FN:6305,(anonymous_622)
FN:6315,(anonymous_623)
FN:6316,(anonymous_624)
FN:6327,(anonymous_625)
FN:6328,(anonymous_626)
FN:6339,(anonymous_627)
FN:6341,(anonymous_628)
FN:6352,(anonymous_629)
FN:6361,(anonymous_630)
FN:6371,(anonymous_631)
FN:6372,(anonymous_632)
FN:6378,(anonymous_633)
FN:6394,(anonymous_634)
FN:6395,(anonymous_635)
FN:6405,(anonymous_636)
FN:6406,(anonymous_637)
FN:6416,(anonymous_638)
FN:6425,(anonymous_639)
FN:6426,(anonymous_640)
FN:6436,(anonymous_641)
FN:6437,(anonymous_642)
FN:6448,(anonymous_643)
FN:6449,(anonymous_644)
FN:6460,(anonymous_645)
FN:6462,(anonymous_646)
FN:6464,(anonymous_647)
FN:6475,(anonymous_648)
FN:6476,(anonymous_649)
FN:6486,(anonymous_650)
FN:6487,(anonymous_651)
FN:6498,(anonymous_652)
FN:6499,(anonymous_653)
FN:6521,stateOf
FN:6544,(anonymous_655)
FN:6545,(anonymous_656)
FN:6547,(anonymous_657)
FN:6550,(anonymous_658)
FN:6565,(anonymous_659)
FN:6568,(anonymous_660)
FN:6571,(anonymous_661)
FN:6574,(anonymous_662)
FN:6577,(anonymous_663)
FN:6580,(anonymous_664)
FN:6652,(anonymous_665)
FN:6654,(anonymous_666)
FN:6656,(anonymous_667)
FN:6668,(anonymous_668)
FN:6685,(anonymous_669)
FN:6707,(anonymous_670)
FN:6716,(anonymous_671)
FN:6734,(anonymous_672)
FN:6737,(anonymous_673)
FN:6749,(anonymous_674)
FN:6758,(anonymous_675)
FN:6759,(anonymous_676)
FN:6762,(anonymous_677)
FN:6774,(anonymous_678)
FN:6775,(anonymous_679)
FN:6778,(anonymous_680)
FN:6790,(anonymous_681)
FN:6793,(anonymous_682)
FN:6796,(anonymous_683)
FN:6809,(anonymous_684)
FN:6811,(anonymous_685)
FN:6815,(anonymous_686)
FN:6830,(anonymous_687)
FN:6847,(anonymous_688)
FN:6849,(anonymous_689)
FN:6861,(anonymous_690)
FN:6882,(anonymous_691)
FN:6883,(anonymous_692)
FN:6886,(anonymous_693)
FN:6903,(anonymous_694)
FN:6904,(anonymous_695)
FN:6907,(anonymous_696)
FN:6923,(anonymous_697)
FN:6933,(anonymous_698)
FN:6934,(anonymous_699)
FN:6937,(anonymous_700)
FN:6949,(anonymous_701)
FN:6967,(anonymous_702)
FN:6968,(anonymous_703)
FN:6971,(anonymous_704)
FN:6988,(anonymous_705)
FN:6991,(anonymous_706)
FN:7002,(anonymous_707)
FN:7005,(anonymous_708)
FN:7008,(anonymous_709)
FN:7026,(anonymous_710)
FN:7035,(anonymous_711)
FN:7036,(anonymous_712)
FN:7039,(anonymous_713)
FN:7052,(anonymous_714)
FN:7055,(anonymous_715)
FN:7058,(anonymous_716)
FN:7071,(anonymous_717)
FN:7080,(anonymous_718)
FN:7081,(anonymous_719)
FN:7083,(anonymous_720)
FN:7084,(anonymous_721)
FN:7088,(anonymous_722)
FN:7101,(anonymous_723)
FN:7102,(anonymous_724)
FN:7105,(anonymous_725)
FN:7117,(anonymous_726)
FN:7135,(anonymous_727)
FN:7138,(anonymous_728)
FN:7141,(anonymous_729)
FN:7154,(anonymous_730)
FN:7156,(anonymous_731)
FN:7160,(anonymous_732)
FN:7176,(anonymous_733)
FN:7195,(anonymous_734)
FN:7229,(anonymous_735)
FN:7238,(anonymous_736)
FN:7278,listOf
FN:7298,listTOf
FN:7321,(anonymous_739)
FN:7322,(anonymous_740)
FN:7324,(anonymous_741)
FN:7341,(anonymous_742)
FN:7353,(anonymous_743)
FN:7354,(anonymous_744)
FN:7356,(anonymous_745)
FN:7359,(anonymous_746)
FN:7380,(anonymous_747)
FN:7383,(anonymous_748)
FN:7387,(anonymous_749)
FN:7398,(anonymous_750)
FN:7402,(anonymous_751)
FN:7414,(anonymous_752)
FN:7418,(anonymous_753)
FN:7421,(anonymous_754)
FN:7424,(anonymous_755)
FN:7427,(anonymous_756)
FN:7430,(anonymous_757)
FN:7433,(anonymous_758)
FN:7436,(anonymous_759)
FN:7439,(anonymous_760)
FN:7442,(anonymous_761)
FN:7445,(anonymous_762)
FN:7448,(anonymous_763)
FN:7451,(anonymous_764)
FN:7454,(anonymous_765)
FN:7457,(anonymous_766)
FN:7460,(anonymous_767)
FN:7463,(anonymous_768)
FN:7466,(anonymous_769)
FN:7469,(anonymous_770)
FN:7473,(anonymous_771)
FN:7476,(anonymous_772)
FN:7479,(anonymous_773)
FN:7482,(anonymous_774)
FN:7511,(anonymous_775)
FN:7512,(anonymous_776)
FN:7522,(anonymous_777)
FN:7523,(anonymous_778)
FN:7533,(anonymous_779)
FN:7534,(anonymous_780)
FN:7544,(anonymous_781)
FN:7545,(anonymous_782)
FN:7553,(anonymous_783)
FN:7554,(anonymous_784)
FN:7564,(anonymous_785)
FN:7565,(anonymous_786)
FN:7583,(anonymous_787)
FN:7585,(anonymous_788)
FN:7601,(anonymous_789)
FN:7603,(anonymous_790)
FN:7606,(anonymous_791)
FN:7610,(anonymous_792)
FN:7623,(anonymous_793)
FN:7625,(anonymous_794)
FN:7628,(anonymous_795)
FN:7632,(anonymous_796)
FN:7636,(anonymous_797)
FN:7641,(anonymous_798)
FN:7653,(anonymous_799)
FN:7655,(anonymous_800)
FN:7656,rec
FN:7658,(anonymous_802)
FN:7661,(anonymous_803)
FN:7665,(anonymous_804)
FN:7668,(anonymous_805)
FN:7670,(anonymous_806)
FN:7673,(anonymous_807)
FN:7682,(anonymous_808)
FN:7688,(anonymous_809)
FN:7703,(anonymous_810)
FN:7704,(anonymous_811)
FN:7706,(anonymous_812)
FN:7709,(anonymous_813)
FN:7719,(anonymous_814)
FN:7721,(anonymous_815)
FN:7724,(anonymous_816)
FN:7727,(anonymous_817)
FN:7730,(anonymous_818)
FN:7733,(anonymous_819)
FN:7747,(anonymous_820)
FN:7748,(anonymous_821)
FN:7749,(anonymous_822)
FN:7750,(anonymous_823)
FN:7762,(anonymous_824)
FN:7766,(anonymous_825)
FN:7768,(anonymous_826)
FN:7782,(anonymous_827)
FN:7805,(anonymous_828)
FN:7808,(anonymous_829)
FN:7825,(anonymous_830)
FN:7867,(anonymous_831)
FN:7869,(anonymous_832)
FN:7872,(anonymous_833)
FN:7874,(anonymous_834)
FN:7877,(anonymous_835)
FN:7880,(anonymous_836)
FN:7883,(anonymous_837)
FN:7888,(anonymous_838)
FN:7889,(anonymous_839)
FN:7903,(anonymous_840)
FN:7905,(anonymous_841)
FN:7908,(anonymous_842)
FN:7917,(anonymous_843)
FN:7920,(anonymous_844)
FN:7932,(anonymous_845)
FN:7936,(anonymous_846)
FN:7939,(anonymous_847)
FN:7947,(anonymous_848)
FN:7955,(anonymous_849)
FN:7957,(anonymous_850)
FN:7971,head
FN:7979,tail
FN:7987,recursiveFlatten
FN:7988,(anonymous_854)
FN:7994,compiler
FN:7996,(anonymous_856)
FN:8011,siblings
FN:8019,fields
FN:8022,(anonymous_859)
FN:8030,supplied
FN:8038,until
FN:8053,recursiveMatch
FN:8063,(anonymous_863)
FN:8074,(anonymous_864)
FN:8077,(anonymous_865)
FN:8082,(anonymous_866)
FN:8110,(anonymous_867)
FN:8115,(anonymous_868)
FN:8120,(anonymous_869)
FN:8123,(anonymous_870)
FN:8135,(anonymous_871)
FN:8139,(anonymous_872)
FN:8142,(anonymous_873)
FN:8145,(anonymous_874)
FN:8152,(anonymous_875)
FN:8224,once
FN:8230,(anonymous_877)
FN:8253,asyncOnce
FN:8256,(anonymous_879)
FN:8259,(anonymous_880)
FN:8266,(anonymous_881)
FN:8268,(anonymous_882)
FN:8279,(anonymous_883)
FNF:883
FNH:663
FNDA:1,(anonymous_1)
FNDA:685538,findRegistered
FNDA:12643,makeMethod
FNDA:685538,(anonymous_4)
FNDA:495,environment
FNDA:254,(anonymous_6)
FNDA:229,(anonymous_7)
FNDA:3,(anonymous_8)
FNDA:0,(anonymous_9)
FNDA:4603610,functionName
FNDA:8837209,functionLength
FNDA:499892,create
FNDA:499892,Ctor
FNDA:499890,getInstance
FNDA:10693,singleton
FNDA:992,extend
FNDA:1984,(anonymous_17)
FNDA:4237054,bind
FNDA:4237054,curriedBind
FNDA:0,(anonymous_20)
FNDA:363091,curry
FNDA:4237051,(anonymous_22)
FNDA:2502,compose
FNDA:366805,(anonymous_24)
FNDA:11098,identity
FNDA:20810,constant
FNDA:3994,(anonymous_27)
FNDA:1,(anonymous_28)
FNDA:62,(anonymous_29)
FNDA:31,(anonymous_30)
FNDA:31,(anonymous_31)
FNDA:30,(anonymous_32)
FNDA:30,(anonymous_33)
FNDA:44,liftA2
FNDA:18237,arrayOf
FNDA:35,objectLike
FNDA:345773,(anonymous_37)
FNDA:18264,(anonymous_38)
FNDA:272,(anonymous_39)
FNDA:61,(anonymous_40)
FNDA:1335242,(anonymous_41)
FNDA:9949,(anonymous_42)
FNDA:10306,not
FNDA:933,error
FNDA:1,(anonymous_45)
FNDA:33493,oneOf
FNDA:1294,(anonymous_47)
FNDA:1324,range
FNDA:6241,(anonymous_49)
FNDA:230317,randomRange
FNDA:130,randomIntRangeWithout
FNDA:1600,inc
FNDA:0,dec
FNDA:15552,retrieveMethod
FNDA:2100,point
FNDA:0,zero
FNDA:5300405,rest
FNDA:62,flip
FNDA:10010,(anonymous_59)
FNDA:247990,select
FNDA:269277,(anonymous_61)
FNDA:0,optional
FNDA:0,(anonymous_63)
FNDA:5216,nothing
FNDA:1506303,(anonymous_65)
FNDA:386138,isArray
FNDA:0,(anonymous_67)
FNDA:65411,isNull
FNDA:0,isUndefined
FNDA:822,isNaN
FNDA:792,isNotNaN
FNDA:3346,isEven
FNDA:4,isOdd
FNDA:21,isPalindrome
FNDA:277259,(anonymous_75)
FNDA:1,(anonymous_76)
FNDA:1,(anonymous_77)
FNDA:0,(anonymous_78)
FNDA:0,(anonymous_79)
FNDA:60,isPlainObject
FNDA:0,(anonymous_81)
FNDA:705,(anonymous_82)
FNDA:0,(anonymous_83)
FNDA:0,(anonymous_84)
FNDA:12481,generateInputs
FNDA:19771,(anonymous_86)
FNDA:1,findSmallest
FNDA:61,failureReporter
FNDA:403,forAll
FNDA:33173,(anonymous_90)
FNDA:330,(anonymous_91)
FNDA:12255,(anonymous_92)
FNDA:148542,(anonymous_93)
FNDA:4212,(anonymous_94)
FNDA:0,(anonymous_95)
FNDA:120,(anonymous_96)
FNDA:20392,(anonymous_97)
FNDA:2160,(anonymous_98)
FNDA:20863,(anonymous_99)
FNDA:547,(anonymous_100)
FNDA:17836,(anonymous_101)
FNDA:0,(anonymous_102)
FNDA:0,(anonymous_103)
FNDA:0,(anonymous_104)
FNDA:1,(anonymous_105)
FNDA:0,(anonymous_106)
FNDA:44,(anonymous_107)
FNDA:0,(anonymous_108)
FNDA:44,(anonymous_109)
FNDA:355720,(anonymous_110)
FNDA:1,(anonymous_111)
FNDA:1,(anonymous_112)
FNDA:0,(anonymous_113)
FNDA:0,(anonymous_114)
FNDA:296,(anonymous_115)
FNDA:7995,(anonymous_116)
FNDA:18,(anonymous_117)
FNDA:72,(anonymous_118)
FNDA:0,(anonymous_119)
FNDA:30,(anonymous_120)
FNDA:5206,(anonymous_121)
FNDA:22809,(anonymous_122)
FNDA:3110,(anonymous_123)
FNDA:9465,(anonymous_124)
FNDA:9435,(anonymous_125)
FNDA:0,(anonymous_126)
FNDA:1,(anonymous_127)
FNDA:1,(anonymous_128)
FNDA:2,(anonymous_129)
FNDA:1,(anonymous_130)
FNDA:0,(anonymous_131)
FNDA:1,(anonymous_132)
FNDA:1,(anonymous_133)
FNDA:1,(anonymous_134)
FNDA:157,tagged
FNDA:433439,wrapped
FNDA:433439,makeToString
FNDA:90,(anonymous_138)
FNDA:180,(anonymous_139)
FNDA:90,(anonymous_140)
FNDA:395519,makeToArray
FNDA:10920,(anonymous_142)
FNDA:25050,(anonymous_143)
FNDA:25050,(anonymous_144)
FNDA:8,taggedSum
FNDA:0,definitions
FNDA:18,constructMatch
FNDA:246578,(anonymous_148)
FNDA:18,makeProto
FNDA:60,(anonymous_150)
FNDA:2223,(anonymous_151)
FNDA:37842,(anonymous_152)
FNDA:60,(anonymous_153)
FNDA:90,(anonymous_154)
FNDA:60,(anonymous_155)
FNDA:60,(anonymous_156)
FNDA:2043,(anonymous_157)
FNDA:1532,(anonymous_158)
FNDA:1532,(anonymous_159)
FNDA:541,(anonymous_160)
FNDA:30,(anonymous_161)
FNDA:0,(anonymous_162)
FNDA:19194,(anonymous_163)
FNDA:30,(anonymous_164)
FNDA:3094,(anonymous_165)
FNDA:277470,(anonymous_166)
FNDA:30,(anonymous_167)
FNDA:391,(anonymous_168)
FNDA:60,(anonymous_169)
FNDA:0,(anonymous_170)
FNDA:61,(anonymous_171)
FNDA:60,(anonymous_172)
FNDA:60,(anonymous_173)
FNDA:6807,(anonymous_174)
FNDA:90,(anonymous_175)
FNDA:240,fo
FNDA:270,(anonymous_177)
FNDA:240,(anonymous_178)
FNDA:390,(anonymous_179)
FNDA:15,(anonymous_180)
FNDA:630,(anonymous_181)
FNDA:270,(anonymous_182)
FNDA:9,(anonymous_183)
FNDA:3363,(anonymous_184)
FNDA:2100,(anonymous_185)
FNDA:0,(anonymous_186)
FNDA:331,(anonymous_187)
FNDA:270,(anonymous_188)
FNDA:2103,(anonymous_189)
FNDA:1920,(anonymous_190)
FNDA:1083,(anonymous_191)
FNDA:871,(anonymous_192)
FNDA:810,(anonymous_193)
FNDA:120,(anonymous_194)
FNDA:60,(anonymous_195)
FNDA:60,(anonymous_196)
FNDA:30,(anonymous_197)
FNDA:360,(anonymous_198)
FNDA:849,(anonymous_199)
FNDA:581,(anonymous_200)
FNDA:551,(anonymous_201)
FNDA:268,(anonymous_202)
FNDA:268,(anonymous_203)
FNDA:963,(anonymous_204)
FNDA:184713,(anonymous_205)
FNDA:120,(anonymous_206)
FNDA:60,(anonymous_207)
FNDA:60,(anonymous_208)
FNDA:120,(anonymous_209)
FNDA:0,(anonymous_210)
FNDA:0,(anonymous_211)
FNDA:0,(anonymous_212)
FNDA:0,(anonymous_213)
FNDA:0,(anonymous_214)
FNDA:0,(anonymous_215)
FNDA:37191,(anonymous_216)
FNDA:0,(anonymous_217)
FNDA:64,successOf
FNDA:4,failureOf
FNDA:2,attemptTOf
FNDA:60,(anonymous_221)
FNDA:60,(anonymous_222)
FNDA:60,(anonymous_223)
FNDA:30,(anonymous_224)
FNDA:30,(anonymous_225)
FNDA:0,(anonymous_226)
FNDA:0,(anonymous_227)
FNDA:0,(anonymous_228)
FNDA:180,(anonymous_229)
FNDA:120,(anonymous_230)
FNDA:60,(anonymous_231)
FNDA:0,(anonymous_232)
FNDA:0,(anonymous_233)
FNDA:0,(anonymous_234)
FNDA:0,(anonymous_235)
FNDA:0,(anonymous_236)
FNDA:0,(anonymous_237)
FNDA:1029,(anonymous_238)
FNDA:120,(anonymous_239)
FNDA:0,(anonymous_240)
FNDA:90,(anonymous_241)
FNDA:60,(anonymous_242)
FNDA:480,(anonymous_243)
FNDA:120,(anonymous_244)
FNDA:60,(anonymous_245)
FNDA:60,(anonymous_246)
FNDA:30,(anonymous_247)
FNDA:450,(anonymous_248)
FNDA:210,(anonymous_249)
FNDA:150,(anonymous_250)
FNDA:240,(anonymous_251)
FNDA:240,(anonymous_252)
FNDA:120,(anonymous_253)
FNDA:420,(anonymous_254)
FNDA:180,(anonymous_255)
FNDA:90,(anonymous_256)
FNDA:120,(anonymous_257)
FNDA:60,(anonymous_258)
FNDA:60,(anonymous_259)
FNDA:60,(anonymous_260)
FNDA:30,(anonymous_261)
FNDA:0,(anonymous_262)
FNDA:30,(anonymous_263)
FNDA:0,(anonymous_264)
FNDA:510,(anonymous_265)
FNDA:0,(anonymous_266)
FNDA:3,leftOf
FNDA:3,rightOf
FNDA:2,eitherTOf
FNDA:60,(anonymous_270)
FNDA:60,(anonymous_271)
FNDA:60,(anonymous_272)
FNDA:30,(anonymous_273)
FNDA:30,(anonymous_274)
FNDA:0,(anonymous_275)
FNDA:0,(anonymous_276)
FNDA:0,(anonymous_277)
FNDA:90,(anonymous_278)
FNDA:90,(anonymous_279)
FNDA:60,(anonymous_280)
FNDA:0,(anonymous_281)
FNDA:0,(anonymous_282)
FNDA:60,(anonymous_283)
FNDA:0,(anonymous_284)
FNDA:0,(anonymous_285)
FNDA:0,(anonymous_286)
FNDA:0,(anonymous_287)
FNDA:600,(anonymous_288)
FNDA:180,(anonymous_289)
FNDA:0,(anonymous_290)
FNDA:5325,(anonymous_291)
FNDA:90,(anonymous_292)
FNDA:60,(anonymous_293)
FNDA:1816,(anonymous_294)
FNDA:0,(anonymous_295)
FNDA:0,(anonymous_296)
FNDA:0,(anonymous_297)
FNDA:513,(anonymous_298)
FNDA:300,(anonymous_299)
FNDA:300,(anonymous_300)
FNDA:213,(anonymous_301)
FNDA:31,(anonymous_302)
FNDA:16830,(anonymous_303)
FNDA:31,(anonymous_304)
FNDA:601,(anonymous_305)
FNDA:1102,(anonymous_306)
FNDA:817,(anonymous_307)
FNDA:0,(anonymous_308)
FNDA:0,(anonymous_309)
FNDA:60,(anonymous_310)
FNDA:30,(anonymous_311)
FNDA:60,(anonymous_312)
FNDA:30,(anonymous_313)
FNDA:11903,(anonymous_314)
FNDA:0,(anonymous_315)
FNDA:61,someOf
FNDA:1,noneOf
FNDA:2,optionTOf
FNDA:60,(anonymous_319)
FNDA:60,(anonymous_320)
FNDA:60,(anonymous_321)
FNDA:30,(anonymous_322)
FNDA:0,(anonymous_323)
FNDA:0,(anonymous_324)
FNDA:0,(anonymous_325)
FNDA:90,(anonymous_326)
FNDA:30,(anonymous_327)
FNDA:60,(anonymous_328)
FNDA:0,(anonymous_329)
FNDA:0,(anonymous_330)
FNDA:0,(anonymous_331)
FNDA:0,(anonymous_332)
FNDA:0,(anonymous_333)
FNDA:0,(anonymous_334)
FNDA:696,(anonymous_335)
FNDA:120,(anonymous_336)
FNDA:0,(anonymous_337)
FNDA:1656,(anonymous_338)
FNDA:0,(anonymous_339)
FNDA:0,(anonymous_340)
FNDA:60,(anonymous_341)
FNDA:30,(anonymous_342)
FNDA:2381,(anonymous_343)
FNDA:30,(anonymous_344)
FNDA:450,(anonymous_345)
FNDA:30,(anonymous_346)
FNDA:150,(anonymous_347)
FNDA:30,(anonymous_348)
FNDA:540,(anonymous_349)
FNDA:30,(anonymous_350)
FNDA:180,(anonymous_351)
FNDA:30,(anonymous_352)
FNDA:630,(anonymous_353)
FNDA:30,(anonymous_354)
FNDA:210,(anonymous_355)
FNDA:30,(anonymous_356)
FNDA:4663,(anonymous_357)
FNDA:4,(anonymous_358)
FNDA:1230,(anonymous_359)
FNDA:4140,(anonymous_360)
FNDA:4140,(anonymous_361)
FNDA:14,tuple2Of
FNDA:8,tuple3Of
FNDA:9,tuple4Of
FNDA:10,tuple5Of
FNDA:480,(anonymous_366)
FNDA:873,(anonymous_367)
FNDA:873,(anonymous_368)
FNDA:0,(anonymous_369)
FNDA:0,(anonymous_370)
FNDA:0,(anonymous_371)
FNDA:2921,(anonymous_372)
FNDA:0,(anonymous_373)
FNDA:0,(anonymous_374)
FNDA:990,(anonymous_375)
FNDA:690,(anonymous_376)
FNDA:0,(anonymous_377)
FNDA:210,(anonymous_378)
FNDA:210,(anonymous_379)
FNDA:210,(anonymous_380)
FNDA:210,(anonymous_381)
FNDA:210,(anonymous_382)
FNDA:0,(anonymous_383)
FNDA:0,(anonymous_384)
FNDA:60,(anonymous_385)
FNDA:60,(anonymous_386)
FNDA:60,(anonymous_387)
FNDA:30,(anonymous_388)
FNDA:90,(anonymous_389)
FNDA:90,(anonymous_390)
FNDA:60,(anonymous_391)
FNDA:300,(anonymous_392)
FNDA:61,promiseOf
FNDA:2,promiseTOf
FNDA:30,(anonymous_395)
FNDA:30,(anonymous_396)
FNDA:30,(anonymous_397)
FNDA:0,(anonymous_398)
FNDA:0,(anonymous_399)
FNDA:0,(anonymous_400)
FNDA:90,(anonymous_401)
FNDA:60,(anonymous_402)
FNDA:0,(anonymous_403)
FNDA:0,(anonymous_404)
FNDA:0,(anonymous_405)
FNDA:30,(anonymous_406)
FNDA:0,(anonymous_407)
FNDA:2525,done
FNDA:44506,cont
FNDA:2525,trampoline
FNDA:5535,(anonymous_411)
FNDA:5325,(anonymous_412)
FNDA:418,(anonymous_413)
FNDA:30,(anonymous_414)
FNDA:251,(anonymous_415)
FNDA:30,(anonymous_416)
FNDA:30,(anonymous_417)
FNDA:30,(anonymous_418)
FNDA:243,(anonymous_419)
FNDA:210,(anonymous_420)
FNDA:671,(anonymous_421)
FNDA:671,(anonymous_422)
FNDA:5216,(anonymous_423)
FNDA:30,(anonymous_424)
FNDA:30,(anonymous_425)
FNDA:30,(anonymous_426)
FNDA:30,(anonymous_427)
FNDA:278,(anonymous_428)
FNDA:450,(anonymous_429)
FNDA:6046,(anonymous_430)
FNDA:30,(anonymous_431)
FNDA:30,(anonymous_432)
FNDA:30,(anonymous_433)
FNDA:243,(anonymous_434)
FNDA:480,(anonymous_435)
FNDA:480,(anonymous_436)
FNDA:6289,(anonymous_437)
FNDA:480,(anonymous_438)
FNDA:30,(anonymous_439)
FNDA:243,(anonymous_440)
FNDA:371,(anonymous_441)
FNDA:4244,(anonymous_442)
FNDA:30,(anonymous_443)
FNDA:30,(anonymous_444)
FNDA:30,(anonymous_445)
FNDA:0,(anonymous_446)
FNDA:0,(anonymous_447)
FNDA:30,(anonymous_448)
FNDA:30,(anonymous_449)
FNDA:238,(anonymous_450)
FNDA:30,(anonymous_451)
FNDA:233,(anonymous_452)
FNDA:480,(anonymous_453)
FNDA:480,(anonymous_454)
FNDA:6859,(anonymous_455)
FNDA:6269,(anonymous_456)
FNDA:30,(anonymous_457)
FNDA:237,(anonymous_458)
FNDA:1230,(anonymous_459)
FNDA:1361,(anonymous_460)
FNDA:360,(anonymous_461)
FNDA:62,streamOf
FNDA:2,streamTOf
FNDA:30,(anonymous_464)
FNDA:30,(anonymous_465)
FNDA:30,(anonymous_466)
FNDA:0,(anonymous_467)
FNDA:0,(anonymous_468)
FNDA:0,(anonymous_469)
FNDA:120,(anonymous_470)
FNDA:60,(anonymous_471)
FNDA:0,(anonymous_472)
FNDA:0,(anonymous_473)
FNDA:0,(anonymous_474)
FNDA:0,(anonymous_475)
FNDA:0,(anonymous_476)
FNDA:0,(anonymous_477)
FNDA:0,(anonymous_478)
FNDA:60,(anonymous_479)
FNDA:0,(anonymous_480)
FNDA:90,(anonymous_481)
FNDA:90,(anonymous_482)
FNDA:90,(anonymous_483)
FNDA:90,(anonymous_484)
FNDA:691,(anonymous_485)
FNDA:510,(anonymous_486)
FNDA:300,(anonymous_487)
FNDA:300,(anonymous_488)
FNDA:30,(anonymous_489)
FNDA:30,(anonymous_490)
FNDA:63,identityOf
FNDA:2,identityTOf
FNDA:30,(anonymous_493)
FNDA:30,(anonymous_494)
FNDA:30,(anonymous_495)
FNDA:0,(anonymous_496)
FNDA:0,(anonymous_497)
FNDA:0,(anonymous_498)
FNDA:150,(anonymous_499)
FNDA:60,(anonymous_500)
FNDA:90,(anonymous_501)
FNDA:30,(anonymous_502)
FNDA:0,(anonymous_503)
FNDA:60,(anonymous_504)
FNDA:690,(anonymous_505)
FNDA:61,(anonymous_506)
FNDA:210,(anonymous_507)
FNDA:0,(anonymous_508)
FNDA:90,(anonymous_509)
FNDA:90,(anonymous_510)
FNDA:30,(anonymous_511)
FNDA:30,(anonymous_512)
FNDA:120,(anonymous_513)
FNDA:120,(anonymous_514)
FNDA:60,(anonymous_515)
FNDA:60,(anonymous_516)
FNDA:0,(anonymous_517)
FNDA:0,(anonymous_518)
FNDA:0,(anonymous_519)
FNDA:30,(anonymous_520)
FNDA:1059,(anonymous_521)
FNDA:1382,(anonymous_522)
FNDA:1352,(anonymous_523)
FNDA:888,(anonymous_524)
FNDA:1631,(anonymous_525)
FNDA:502,(anonymous_526)
FNDA:1438,(anonymous_527)
FNDA:177,(anonymous_528)
FNDA:236,(anonymous_529)
FNDA:118,(anonymous_530)
FNDA:176,(anonymous_531)
FNDA:177,(anonymous_532)
FNDA:705,(anonymous_533)
FNDA:792,(anonymous_534)
FNDA:1527,(anonymous_535)
FNDA:1527,(anonymous_536)
FNDA:2026,(anonymous_537)
FNDA:0,(anonymous_538)
FNDA:0,(anonymous_539)
FNDA:0,(anonymous_540)
FNDA:0,(anonymous_541)
FNDA:120,(anonymous_542)
FNDA:642,(anonymous_543)
FNDA:0,(anonymous_544)
FNDA:0,(anonymous_545)
FNDA:60,(anonymous_546)
FNDA:60,(anonymous_547)
FNDA:321,(anonymous_548)
FNDA:321,(anonymous_549)
FNDA:306,(anonymous_550)
FNDA:150,(anonymous_551)
FNDA:90,(anonymous_552)
FNDA:60,(anonymous_553)
FNDA:60,(anonymous_554)
FNDA:60,(anonymous_555)
FNDA:60,(anonymous_556)
FNDA:1,storeOf
FNDA:30,(anonymous_558)
FNDA:30,(anonymous_559)
FNDA:30,(anonymous_560)
FNDA:0,(anonymous_561)
FNDA:0,(anonymous_562)
FNDA:0,(anonymous_563)
FNDA:0,(anonymous_564)
FNDA:30,(anonymous_565)
FNDA:0,(anonymous_566)
FNDA:60,(anonymous_567)
FNDA:1050,(anonymous_568)
FNDA:750,(anonymous_569)
FNDA:0,(anonymous_570)
FNDA:30,(anonymous_571)
FNDA:30,(anonymous_572)
FNDA:330,(anonymous_573)
FNDA:330,(anonymous_574)
FNDA:60,(anonymous_575)
FNDA:60,(anonymous_576)
FNDA:61,readerOf
FNDA:2,readerTOf
FNDA:30,(anonymous_579)
FNDA:30,(anonymous_580)
FNDA:30,(anonymous_581)
FNDA:0,(anonymous_582)
FNDA:0,(anonymous_583)
FNDA:0,(anonymous_584)
FNDA:90,(anonymous_585)
FNDA:60,(anonymous_586)
FNDA:0,(anonymous_587)
FNDA:0,(anonymous_588)
FNDA:90,(anonymous_589)
FNDA:0,(anonymous_590)
FNDA:540,(anonymous_591)
FNDA:450,(anonymous_592)
FNDA:0,(anonymous_593)
FNDA:0,(anonymous_594)
FNDA:540,(anonymous_595)
FNDA:450,(anonymous_596)
FNDA:60,(anonymous_597)
FNDA:60,(anonymous_598)
FNDA:60,(anonymous_599)
FNDA:481,(anonymous_600)
FNDA:481,(anonymous_601)
FNDA:90,(anonymous_602)
FNDA:90,(anonymous_603)
FNDA:61,writerOf
FNDA:2,writerTOf
FNDA:30,(anonymous_606)
FNDA:30,(anonymous_607)
FNDA:30,(anonymous_608)
FNDA:0,(anonymous_609)
FNDA:0,(anonymous_610)
FNDA:0,(anonymous_611)
FNDA:90,(anonymous_612)
FNDA:60,(anonymous_613)
FNDA:0,(anonymous_614)
FNDA:0,(anonymous_615)
FNDA:150,(anonymous_616)
FNDA:0,(anonymous_617)
FNDA:35,(anonymous_618)
FNDA:5,(anonymous_619)
FNDA:5,(anonymous_620)
FNDA:5,(anonymous_621)
FNDA:5,(anonymous_622)
FNDA:0,(anonymous_623)
FNDA:0,(anonymous_624)
FNDA:0,(anonymous_625)
FNDA:0,(anonymous_626)
FNDA:14,(anonymous_627)
FNDA:14,(anonymous_628)
FNDA:1,(anonymous_629)
FNDA:0,(anonymous_630)
FNDA:5,(anonymous_631)
FNDA:5,(anonymous_632)
FNDA:0,(anonymous_633)
FNDA:0,(anonymous_634)
FNDA:0,(anonymous_635)
FNDA:0,(anonymous_636)
FNDA:0,(anonymous_637)
FNDA:0,(anonymous_638)
FNDA:0,(anonymous_639)
FNDA:0,(anonymous_640)
FNDA:0,(anonymous_641)
FNDA:0,(anonymous_642)
FNDA:0,(anonymous_643)
FNDA:0,(anonymous_644)
FNDA:0,(anonymous_645)
FNDA:0,(anonymous_646)
FNDA:0,(anonymous_647)
FNDA:0,(anonymous_648)
FNDA:0,(anonymous_649)
FNDA:0,(anonymous_650)
FNDA:0,(anonymous_651)
FNDA:0,(anonymous_652)
FNDA:0,(anonymous_653)
FNDA:1,stateOf
FNDA:30,(anonymous_655)
FNDA:30,(anonymous_656)
FNDA:30,(anonymous_657)
FNDA:0,(anonymous_658)
FNDA:0,(anonymous_659)
FNDA:0,(anonymous_660)
FNDA:0,(anonymous_661)
FNDA:0,(anonymous_662)
FNDA:30,(anonymous_663)
FNDA:0,(anonymous_664)
FNDA:30,(anonymous_665)
FNDA:265,(anonymous_666)
FNDA:235,(anonymous_667)
FNDA:270,(anonymous_668)
FNDA:30,(anonymous_669)
FNDA:34,(anonymous_670)
FNDA:599,(anonymous_671)
FNDA:240,(anonymous_672)
FNDA:270,(anonymous_673)
FNDA:265,(anonymous_674)
FNDA:30,(anonymous_675)
FNDA:269,(anonymous_676)
FNDA:239,(anonymous_677)
FNDA:60,(anonymous_678)
FNDA:237,(anonymous_679)
FNDA:177,(anonymous_680)
FNDA:30,(anonymous_681)
FNDA:111,(anonymous_682)
FNDA:90,(anonymous_683)
FNDA:30,(anonymous_684)
FNDA:47,(anonymous_685)
FNDA:17,(anonymous_686)
FNDA:30,(anonymous_687)
FNDA:60,(anonymous_688)
FNDA:60,(anonymous_689)
FNDA:721,(anonymous_690)
FNDA:30,(anonymous_691)
FNDA:300,(anonymous_692)
FNDA:270,(anonymous_693)
FNDA:0,(anonymous_694)
FNDA:0,(anonymous_695)
FNDA:0,(anonymous_696)
FNDA:0,(anonymous_697)
FNDA:331,(anonymous_698)
FNDA:1105,(anonymous_699)
FNDA:774,(anonymous_700)
FNDA:60,(anonymous_701)
FNDA:0,(anonymous_702)
FNDA:0,(anonymous_703)
FNDA:0,(anonymous_704)
FNDA:60,(anonymous_705)
FNDA:265,(anonymous_706)
FNDA:0,(anonymous_707)
FNDA:0,(anonymous_708)
FNDA:0,(anonymous_709)
FNDA:9427,(anonymous_710)
FNDA:30,(anonymous_711)
FNDA:90,(anonymous_712)
FNDA:60,(anonymous_713)
FNDA:60,(anonymous_714)
FNDA:495,(anonymous_715)
FNDA:437,(anonymous_716)
FNDA:30,(anonymous_717)
FNDA:1566,(anonymous_718)
FNDA:31483,(anonymous_719)
FNDA:29917,(anonymous_720)
FNDA:29917,(anonymous_721)
FNDA:1566,(anonymous_722)
FNDA:291,(anonymous_723)
FNDA:2509,(anonymous_724)
FNDA:2218,(anonymous_725)
FNDA:60,(anonymous_726)
FNDA:30,(anonymous_727)
FNDA:66,(anonymous_728)
FNDA:49,(anonymous_729)
FNDA:30,(anonymous_730)
FNDA:53,(anonymous_731)
FNDA:23,(anonymous_732)
FNDA:30,(anonymous_733)
FNDA:30,(anonymous_734)
FNDA:780,(anonymous_735)
FNDA:0,(anonymous_736)
FNDA:79,listOf
FNDA:2,listTOf
FNDA:30,(anonymous_739)
FNDA:30,(anonymous_740)
FNDA:30,(anonymous_741)
FNDA:0,(anonymous_742)
FNDA:30,(anonymous_743)
FNDA:29,(anonymous_744)
FNDA:29,(anonymous_745)
FNDA:0,(anonymous_746)
FNDA:0,(anonymous_747)
FNDA:0,(anonymous_748)
FNDA:630,(anonymous_749)
FNDA:60,(anonymous_750)
FNDA:0,(anonymous_751)
FNDA:0,(anonymous_752)
FNDA:0,(anonymous_753)
FNDA:0,(anonymous_754)
FNDA:0,(anonymous_755)
FNDA:0,(anonymous_756)
FNDA:0,(anonymous_757)
FNDA:0,(anonymous_758)
FNDA:0,(anonymous_759)
FNDA:0,(anonymous_760)
FNDA:0,(anonymous_761)
FNDA:0,(anonymous_762)
FNDA:0,(anonymous_763)
FNDA:0,(anonymous_764)
FNDA:0,(anonymous_765)
FNDA:0,(anonymous_766)
FNDA:0,(anonymous_767)
FNDA:0,(anonymous_768)
FNDA:0,(anonymous_769)
FNDA:0,(anonymous_770)
FNDA:0,(anonymous_771)
FNDA:0,(anonymous_772)
FNDA:901,(anonymous_773)
FNDA:60,(anonymous_774)
FNDA:0,(anonymous_775)
FNDA:0,(anonymous_776)
FNDA:0,(anonymous_777)
FNDA:0,(anonymous_778)
FNDA:0,(anonymous_779)
FNDA:0,(anonymous_780)
FNDA:0,(anonymous_781)
FNDA:0,(anonymous_782)
FNDA:6045,(anonymous_783)
FNDA:6045,(anonymous_784)
FNDA:12,(anonymous_785)
FNDA:35918,(anonymous_786)
FNDA:5,(anonymous_787)
FNDA:9713,(anonymous_788)
FNDA:26165,(anonymous_789)
FNDA:68894,(anonymous_790)
FNDA:28303,(anonymous_791)
FNDA:40591,(anonymous_792)
FNDA:1,(anonymous_793)
FNDA:5767,(anonymous_794)
FNDA:5767,(anonymous_795)
FNDA:1862,(anonymous_796)
FNDA:3905,(anonymous_797)
FNDA:0,(anonymous_798)
FNDA:2196,(anonymous_799)
FNDA:7962,(anonymous_800)
FNDA:15918,rec
FNDA:15918,(anonymous_802)
FNDA:7956,(anonymous_803)
FNDA:7962,(anonymous_804)
FNDA:7962,(anonymous_805)
FNDA:1908,(anonymous_806)
FNDA:6054,(anonymous_807)
FNDA:0,(anonymous_808)
FNDA:7962,(anonymous_809)
FNDA:275,(anonymous_810)
FNDA:6045,(anonymous_811)
FNDA:6045,(anonymous_812)
FNDA:0,(anonymous_813)
FNDA:471,(anonymous_814)
FNDA:29337,(anonymous_815)
FNDA:9915,(anonymous_816)
FNDA:19422,(anonymous_817)
FNDA:3110,(anonymous_818)
FNDA:16312,(anonymous_819)
FNDA:9759,(anonymous_820)
FNDA:9993,(anonymous_821)
FNDA:9860,(anonymous_822)
FNDA:9860,(anonymous_823)
FNDA:1030,(anonymous_824)
FNDA:88,(anonymous_825)
FNDA:28,(anonymous_826)
FNDA:942,(anonymous_827)
FNDA:0,(anonymous_828)
FNDA:0,(anonymous_829)
FNDA:1,(anonymous_830)
FNDA:29,(anonymous_831)
FNDA:29,(anonymous_832)
FNDA:31,(anonymous_833)
FNDA:2,(anonymous_834)
FNDA:30,(anonymous_835)
FNDA:5376,(anonymous_836)
FNDA:450,(anonymous_837)
FNDA:5767,(anonymous_838)
FNDA:1862,(anonymous_839)
FNDA:661,(anonymous_840)
FNDA:1262,(anonymous_841)
FNDA:1863,(anonymous_842)
FNDA:1293,(anonymous_843)
FNDA:843,(anonymous_844)
FNDA:451,(anonymous_845)
FNDA:481,(anonymous_846)
FNDA:661,(anonymous_847)
FNDA:451,(anonymous_848)
FNDA:30,(anonymous_849)
FNDA:30,(anonymous_850)
FNDA:1592,head
FNDA:1592,tail
FNDA:2193,recursiveFlatten
FNDA:2794,(anonymous_854)
FNDA:451,compiler
FNDA:661,(anonymous_856)
FNDA:1353,siblings
FNDA:1592,fields
FNDA:1592,(anonymous_859)
FNDA:1592,supplied
FNDA:481,until
FNDA:1592,recursiveMatch
FNDA:2794,(anonymous_863)
FNDA:931,(anonymous_864)
FNDA:180,(anonymous_865)
FNDA:393,(anonymous_866)
FNDA:1683,(anonymous_867)
FNDA:1562,(anonymous_868)
FNDA:30,(anonymous_869)
FNDA:31,(anonymous_870)
FNDA:241,(anonymous_871)
FNDA:180,(anonymous_872)
FNDA:30,(anonymous_873)
FNDA:31,(anonymous_874)
FNDA:3094,(anonymous_875)
FNDA:750,once
FNDA:1230,(anonymous_877)
FNDA:90,asyncOnce
FNDA:90,(anonymous_879)
FNDA:90,(anonymous_880)
FNDA:90,(anonymous_881)
FNDA:90,(anonymous_882)
FNDA:90,(anonymous_883)
DA:2,1
DA:42,1
DA:105,1
DA:106,685538
DA:109,685538
DA:110,3116989
DA:111,685538
DA:114,0
DA:117,1
DA:118,12643
DA:119,685538
DA:120,685538
DA:132,1
DA:133,495
DA:136,495
DA:137,495
DA:139,495
DA:140,254
DA:144,254
DA:147,495
DA:148,229
DA:149,229
DA:152,495
DA:153,3
DA:156,495
DA:157,0
DA:160,0
DA:161,0
DA:164,0
DA:167,495
DA:168,12643
DA:171,12643
DA:172,12643
DA:173,12643
DA:177,495
DA:178,55741
DA:179,55739
DA:182,493
DA:185,1
DA:186,1
DA:200,1
DA:201,4603610
DA:209,1
DA:210,8837209
DA:219,1
DA:220,499892
DA:221,499892
DA:222,499892
DA:233,1
DA:234,499890
DA:246,1
DA:247,10693
DA:248,10693
DA:249,10693
DA:259,1
DA:260,992
DA:261,1984
DA:262,1984
DA:263,33699
DA:265,1984
DA:267,992
DA:281,1
DA:282,4237054
DA:284,4237054
DA:287,4237054
DA:289,0
DA:290,0
DA:298,4237054
DA:299,4237054
DA:301,4237054
DA:305,4237054
DA:306,4237054
DA:327,1
DA:328,363091
DA:329,4237051
DA:331,4237051
DA:332,362414
DA:339,363091
DA:340,363091
DA:342,363091
DA:353,1
DA:354,2502
DA:355,366805
DA:366,1
DA:367,11098
DA:378,1
DA:379,20810
DA:380,3994
DA:391,1
DA:392,1
DA:401,1
DA:402,62
DA:410,1
DA:411,31
DA:412,31
DA:421,1
DA:422,30
DA:432,1
DA:433,30
DA:442,1
DA:443,44
DA:453,1
DA:454,18237
DA:455,18237
DA:456,18237
DA:470,1
DA:471,35
DA:472,35
DA:473,35
DA:481,1
DA:482,345773
DA:490,1
DA:492,18264
DA:500,1
DA:501,272
DA:509,1
DA:510,61
DA:518,1
DA:519,1335242
DA:529,1
DA:530,9949
DA:538,1
DA:539,10306
DA:547,1
DA:548,933
DA:549,1
DA:558,1
DA:559,33493
DA:567,1
DA:568,1294
DA:576,1
DA:577,1324
DA:578,1324
DA:579,6241
DA:581,4917
DA:582,4917
DA:584,1324
DA:592,1
DA:593,230317
DA:603,1
DA:604,130
DA:605,130
DA:614,1
DA:615,1600
DA:623,1
DA:624,0
DA:633,1
DA:634,15552
DA:640,1
DA:641,2100
DA:647,1
DA:648,0
DA:656,1
DA:657,5300405
DA:665,1
DA:666,62
DA:667,10010
DA:669,10010
DA:680,1
DA:681,247990
DA:682,269277
DA:695,1
DA:696,0
DA:697,0
DA:707,1
DA:712,1
DA:758,1
DA:759,1506303
DA:767,1
DA:774,1
DA:781,1
DA:788,1
DA:795,1
DA:802,1
DA:803,386138
DA:804,0
DA:812,1
DA:813,0
DA:814,0
DA:816,0
DA:824,1
DA:825,65411
DA:833,1
DA:834,0
DA:842,1
DA:843,822
DA:851,1
DA:852,792
DA:861,1
DA:862,3346
DA:870,1
DA:871,4
DA:879,1
DA:880,21
DA:881,21
DA:882,19
DA:884,17
DA:892,1
DA:893,277259
DA:901,1
DA:908,1
DA:915,1
DA:916,1
DA:918,1
DA:919,3
DA:920,1
DA:924,0
DA:932,1
DA:933,1
DA:935,1
DA:936,1
DA:937,1
DA:941,0
DA:949,1
DA:950,0
DA:952,0
DA:953,0
DA:954,0
DA:958,0
DA:966,1
DA:967,0
DA:975,1
DA:983,1
DA:985,1
DA:986,60
DA:987,0
DA:991,60
DA:992,60
DA:993,30
DA:996,0
DA:999,30
DA:1009,1
DA:1013,0
DA:1016,705
DA:1019,0
DA:1022,0
DA:1025,0
DA:1026,0
DA:1028,0
DA:1036,1
DA:1085,1
DA:1086,12481
DA:1087,19771
DA:1091,1
DA:1092,1
DA:1098,1
DA:1099,1
DA:1100,1
DA:1101,1
DA:1102,1
DA:1103,0
DA:1104,1
DA:1108,1
DA:1117,1
DA:1118,61
DA:1119,61
DA:1120,61
DA:1121,61
DA:1140,1
DA:1141,403
DA:1144,403
DA:1145,12061
DA:1146,12061
DA:1147,1
DA:1154,402
DA:1167,1
DA:1174,1
DA:1181,1
DA:1188,1
DA:1195,1
DA:1202,1
DA:1204,1
DA:1222,1
DA:1224,33173
DA:1225,33173
DA:1228,330
DA:1231,12255
DA:1235,148542
DA:1238,4212
DA:1239,4212
DA:1242,0
DA:1245,120
DA:1248,20392
DA:1252,20392
DA:1253,168028
DA:1256,20392
DA:1259,2160
DA:1263,2160
DA:1264,4509
DA:1265,4509
DA:1266,4349
DA:1270,2160
DA:1278,20863
DA:1279,20863
DA:1282,547
DA:1286,547
DA:1287,4817
DA:1290,547
DA:1293,17836
DA:1303,1
DA:1305,0
DA:1308,0
DA:1309,0
DA:1311,0
DA:1314,0
DA:1317,0
DA:1320,0
DA:1323,0
DA:1325,0
DA:1326,0
DA:1327,0
DA:1329,0
DA:1332,0
DA:1335,1
DA:1338,1
DA:1339,0
DA:1341,0
DA:1344,1
DA:1347,0
DA:1350,1
DA:1352,44
DA:1355,0
DA:1358,44
DA:1359,355720
DA:1363,1
DA:1365,1
DA:1366,1
DA:1367,1
DA:1371,0
DA:1372,0
DA:1373,0
DA:1377,1
DA:1379,296
DA:1382,7995
DA:1385,18
DA:1388,72
DA:1391,0
DA:1394,30
DA:1403,1
DA:1410,5206
DA:1412,5206
DA:1413,5125
DA:1414,22809
DA:1417,81
DA:1421,3110
DA:1423,3110
DA:1426,3076
DA:1427,6262
DA:1428,0
DA:1430,3076
DA:1431,6262
DA:1432,0
DA:1434,3076
DA:1436,34
DA:1439,9465
DA:1440,9465
DA:1442,9435
DA:1459,1
DA:1461,0
DA:1462,0
DA:1480,1
DA:1482,1
DA:1483,1
DA:1486,1
DA:1489,2
DA:1492,1
DA:1495,1
DA:1498,1
DA:1501,1
DA:1514,1
DA:1515,157
DA:1516,433439
DA:1521,433439
DA:1522,0
DA:1525,433439
DA:1526,962424
DA:1529,433439
DA:1532,433439
DA:1533,395519
DA:1536,433439
DA:1539,157
DA:1540,433439
DA:1541,90
DA:1542,180
DA:1545,90
DA:1547,90
DA:1551,157
DA:1552,395519
DA:1553,10920
DA:1554,25050
DA:1557,25050
DA:1559,10920
DA:1564,157
DA:1565,0
DA:1569,157
DA:1570,157
DA:1572,157
DA:1596,1
DA:1597,8
DA:1600,8
DA:1601,0
DA:1604,8
DA:1605,18
DA:1606,246578
DA:1610,246578
DA:1611,0
DA:1614,246578
DA:1618,8
DA:1619,18
DA:1620,18
DA:1627,18
DA:1628,18
DA:1629,18
DA:1631,18
DA:1633,18
DA:1636,8
DA:1637,18
DA:1638,6
DA:1639,6
DA:1640,6
DA:1643,12
DA:1644,12
DA:1647,8
DA:1649,8
DA:1655,1
DA:1699,1
DA:1700,60
DA:1706,60
DA:1707,507
DA:1708,6747
DA:1712,60
DA:1721,1
DA:1722,2223
DA:1726,2223
DA:1727,3010
DA:1730,2223
DA:1739,1
DA:1740,37842
DA:1748,1
DA:1749,60
DA:1753,60
DA:1754,492
DA:1755,246
DA:1759,60
DA:1768,1
DA:1769,90
DA:1777,1
DA:1778,60
DA:1787,1
DA:1788,60
DA:1791,60
DA:1792,102
DA:1793,51
DA:1797,9
DA:1806,1
DA:1807,2043
DA:1810,2043
DA:1811,2369
DA:1812,389
DA:1816,1654
DA:1824,1
DA:1825,1532
DA:1826,1532
DA:1835,1
DA:1836,541
DA:1840,541
DA:1841,2024
DA:1842,1212
DA:1846,541
DA:1855,1
DA:1856,30
DA:1859,30
DA:1860,30
DA:1861,0
DA:1865,30
DA:1873,1
DA:1874,0
DA:1883,1
DA:1884,19194
DA:1887,19194
DA:1888,53079
DA:1891,19194
DA:1900,1
DA:1901,30
DA:1903,30
DA:1904,195
DA:1907,30
DA:1915,1
DA:1916,3094
DA:1925,1
DA:1926,277470
DA:1930,277470
DA:1931,342128
DA:1934,277470
DA:1942,1
DA:1943,30
DA:1948,30
DA:1949,231
DA:1950,115
DA:1953,30
DA:1962,1
DA:1963,391
DA:1967,391
DA:1968,908
DA:1971,391
DA:1980,1
DA:1981,60
DA:1985,60
DA:1986,404
DA:1989,60
DA:1997,1
DA:1998,0
DA:2006,1
DA:2007,61
DA:2015,1
DA:2016,60
DA:2025,1
DA:2026,60
DA:2029,60
DA:2030,113
DA:2031,49
DA:2035,11
DA:2045,1
DA:2046,6807
DA:2050,6807
DA:2051,26115
DA:2054,6807
DA:2063,1
DA:2064,90
DA:2068,90
DA:2069,815
DA:2072,90
DA:2078,1
DA:2162,1
DA:2182,1
DA:2183,240
DA:2186,240
DA:2187,0
DA:2190,240
DA:2197,240
DA:2198,270
DA:2201,240
DA:2202,240
DA:2205,240
DA:2206,0
DA:2207,0
DA:2212,240
DA:2213,30
DA:2217,210
DA:2218,30
DA:2222,180
DA:2223,30
DA:2227,150
DA:2228,30
DA:2232,120
DA:2233,30
DA:2237,90
DA:2238,30
DA:2242,60
DA:2243,30
DA:2247,30
DA:2248,30
DA:2251,0
DA:2252,0
DA:2255,240
DA:2257,390
DA:2260,390
DA:2263,240
DA:2265,240
DA:2280,1
DA:2281,15
DA:2282,15
DA:2284,630
DA:2285,0
DA:2288,630
DA:2290,630
DA:2305,1
DA:2307,1
DA:2308,270
DA:2316,1
DA:2321,1
DA:2326,1
DA:2341,1
DA:2343,9
DA:2350,3363
DA:2351,2100
DA:2360,3363
DA:2361,0
DA:2369,3363
DA:2378,3363
DA:2379,3033
DA:2380,331
DA:2381,270
DA:2392,3363
DA:2393,3363
DA:2394,2103
DA:2395,1920
DA:2405,3363
DA:2406,2343
DA:2407,1083
DA:2417,3363
DA:2418,3363
DA:2419,871
DA:2420,810
DA:2425,3363
DA:2432,1
DA:2476,1
DA:2488,1
DA:2489,120
DA:2490,120
DA:2492,60
DA:2495,60
DA:2498,30
DA:2511,1
DA:2512,360
DA:2513,360
DA:2524,1
DA:2525,849
DA:2527,581
DA:2529,551
DA:2535,268
DA:2538,268
DA:2550,1
DA:2551,963
DA:2564,1
DA:2565,184713
DA:2577,1
DA:2578,120
DA:2580,60
DA:2583,60
DA:2593,1
DA:2594,120
DA:2607,1
DA:2608,0
DA:2611,0
DA:2622,1
DA:2623,0
DA:2635,1
DA:2636,0
DA:2647,1
DA:2648,0
DA:2657,1
DA:2658,0
DA:2669,1
DA:2670,1
DA:2677,1
DA:2678,1
DA:2685,1
DA:2686,37191
DA:2694,1
DA:2695,0
DA:2703,1
DA:2715,1
DA:2717,1
DA:2724,1
DA:2733,1
DA:2734,64
DA:2735,64
DA:2736,64
DA:2744,1
DA:2753,1
DA:2754,4
DA:2755,4
DA:2756,4
DA:2764,1
DA:2773,1
DA:2774,2
DA:2775,2
DA:2776,2
DA:2784,1
DA:2789,1
DA:2796,1
DA:2797,60
DA:2798,60
DA:2800,60
DA:2802,30
DA:2805,30
DA:2810,0
DA:2822,1
DA:2836,0
DA:2839,0
DA:2843,180
DA:2846,120
DA:2849,60
DA:2853,0
DA:2856,0
DA:2859,0
DA:2862,0
DA:2866,0
DA:2869,0
DA:2872,1029
DA:2875,120
DA:2878,0
DA:2902,1
DA:2914,1
DA:2915,90
DA:2916,90
DA:2919,60
DA:2930,1
DA:2931,480
DA:2932,480
DA:2944,1
DA:2945,120
DA:2946,120
DA:2948,60
DA:2955,60
DA:2956,30
DA:2967,1
DA:2968,450
DA:2970,210
DA:2972,150
DA:2978,240
DA:2981,240
DA:2993,1
DA:2994,120
DA:3007,1
DA:3008,420
DA:3020,1
DA:3021,180
DA:3022,180
DA:3025,90
DA:3035,1
DA:3036,120
DA:3038,60
DA:3041,60
DA:3053,1
DA:3054,60
DA:3056,30
DA:3068,1
DA:3069,0
DA:3080,1
DA:3081,30
DA:3090,1
DA:3091,0
DA:3102,1
DA:3103,1
DA:3110,1
DA:3111,1
DA:3118,1
DA:3119,510
DA:3127,1
DA:3128,0
DA:3137,1
DA:3149,1
DA:3151,1
DA:3158,1
DA:3167,1
DA:3168,3
DA:3169,3
DA:3170,3
DA:3178,1
DA:3187,1
DA:3188,3
DA:3189,3
DA:3190,3
DA:3198,1
DA:3203,1
DA:3212,1
DA:3213,2
DA:3214,2
DA:3215,2
DA:3223,1
DA:3230,1
DA:3231,60
DA:3232,60
DA:3234,60
DA:3236,30
DA:3239,30
DA:3244,0
DA:3256,1
DA:3270,0
DA:3273,0
DA:3277,90
DA:3280,90
DA:3283,60
DA:3287,0
DA:3290,0
DA:3293,60
DA:3296,0
DA:3299,0
DA:3303,0
DA:3306,0
DA:3309,600
DA:3312,180
DA:3315,0
DA:3344,1
DA:3353,1
DA:3354,5325
DA:3364,1
DA:3365,90
DA:3367,60
DA:3378,1
DA:3379,1816
DA:3391,1
DA:3392,0
DA:3394,0
DA:3397,0
DA:3410,1
DA:3411,513
DA:3413,300
DA:3415,300
DA:3421,213
DA:3434,1
DA:3435,31
DA:3448,1
DA:3449,16830
DA:3460,1
DA:3461,31
DA:3472,1
DA:3473,601
DA:3485,1
DA:3486,1102
DA:3488,817
DA:3499,1
DA:3500,0
DA:3503,0
DA:3514,1
DA:3515,60
DA:3518,30
DA:3529,1
DA:3530,60
DA:3533,30
DA:3543,1
DA:3544,11903
DA:3552,1
DA:3553,0
DA:3561,1
DA:3562,1
DA:3569,1
DA:3570,1
DA:3577,1
DA:3590,1
DA:3592,1
DA:3599,1
DA:3608,1
DA:3609,61
DA:3610,61
DA:3611,61
DA:3619,1
DA:3628,1
DA:3629,1
DA:3630,1
DA:3638,1
DA:3647,1
DA:3648,2
DA:3649,2
DA:3650,2
DA:3658,1
DA:3663,1
DA:3670,1
DA:3671,60
DA:3672,60
DA:3674,60
DA:3676,30
DA:3682,0
DA:3694,1
DA:3709,0
DA:3712,0
DA:3716,90
DA:3719,30
DA:3722,60
DA:3726,0
DA:3729,0
DA:3732,0
DA:3735,0
DA:3739,0
DA:3742,0
DA:3745,696
DA:3748,120
DA:3751,0
DA:3769,1
DA:3789,1
DA:3790,1656
DA:3798,1
DA:3799,0
DA:3807,1
DA:3808,0
DA:3816,1
DA:3817,60
DA:3826,1
DA:3827,30
DA:3838,1
DA:3839,2381
DA:3848,1
DA:3849,30
DA:3866,1
DA:3867,450
DA:3876,1
DA:3877,30
DA:3889,1
DA:3890,150
DA:3899,1
DA:3900,30
DA:3917,1
DA:3918,540
DA:3927,1
DA:3928,30
DA:3941,1
DA:3942,180
DA:3951,1
DA:3952,30
DA:3969,1
DA:3970,630
DA:3979,1
DA:3980,30
DA:3994,1
DA:3995,210
DA:4004,1
DA:4005,30
DA:4013,1
DA:4020,1
DA:4027,1
DA:4034,1
DA:4041,1
DA:4042,4663
DA:4053,1
DA:4054,4
DA:4055,1230
DA:4056,1230
DA:4058,4140
DA:4061,4140
DA:4074,1
DA:4075,14
DA:4076,14
DA:4077,14
DA:4085,1
DA:4094,1
DA:4095,8
DA:4096,8
DA:4097,8
DA:4105,1
DA:4114,1
DA:4115,9
DA:4116,9
DA:4117,9
DA:4125,1
DA:4134,1
DA:4135,10
DA:4136,10
DA:4137,10
DA:4145,1
DA:4152,1
DA:4153,480
DA:4154,873
DA:4156,873
DA:4157,873
DA:4158,873
DA:4161,0
DA:4172,1
DA:4179,1
DA:4186,1
DA:4193,1
DA:4198,1
DA:4220,0
DA:4223,0
DA:4226,2921
DA:4229,0
DA:4232,0
DA:4256,1
DA:4263,1
DA:4264,990
DA:4266,690
DA:4276,1
DA:4277,0
DA:4285,1
DA:4286,210
DA:4288,210
DA:4299,1
DA:4300,210
DA:4301,210
DA:4303,210
DA:4305,210
DA:4318,1
DA:4319,0
DA:4320,0
DA:4322,0
DA:4332,1
DA:4333,60
DA:4345,1
DA:4346,60
DA:4347,60
DA:4349,60
DA:4351,30
DA:4365,1
DA:4366,90
DA:4367,90
DA:4369,90
DA:4372,60
DA:4384,1
DA:4395,1
DA:4397,1
DA:4404,1
DA:4405,300
DA:4413,1
DA:4422,1
DA:4423,61
DA:4424,61
DA:4425,61
DA:4433,1
DA:4442,1
DA:4443,2
DA:4444,2
DA:4445,2
DA:4453,1
DA:4458,1
DA:4465,1
DA:4466,30
DA:4467,30
DA:4469,30
DA:4472,0
DA:4481,1
DA:4490,0
DA:4493,0
DA:4497,90
DA:4500,60
DA:4504,0
DA:4507,0
DA:4511,0
DA:4514,30
DA:4517,0
DA:4548,1
DA:4549,2525
DA:4550,2525
DA:4551,2525
DA:4552,2525
DA:4561,1
DA:4562,44506
DA:4563,44506
DA:4564,44506
DA:4565,44506
DA:4574,1
DA:4575,2525
DA:4576,44506
DA:4578,2525
DA:4581,1
DA:4612,1
DA:4619,1
DA:4620,5535
DA:4622,5325
DA:4626,5325
DA:4636,1
DA:4637,418
DA:4646,1
DA:4647,30
DA:4649,251
DA:4660,1
DA:4661,30
DA:4665,30
DA:4667,30
DA:4668,30
DA:4671,30
DA:4673,243
DA:4674,243
DA:4679,30
DA:4681,210
DA:4682,210
DA:4696,1
DA:4697,671
DA:4698,671
DA:4699,671
DA:4701,5216
DA:4714,1
DA:4715,30
DA:4716,30
DA:4717,30
DA:4720,30
DA:4731,1
DA:4732,30
DA:4733,30
DA:4735,278
DA:4736,278
DA:4737,278
DA:4739,0
DA:4750,1
DA:4751,450
DA:4754,6046
DA:4764,1
DA:4765,30
DA:4776,1
DA:4777,30
DA:4778,30
DA:4779,30
DA:4781,243
DA:4782,115
DA:4795,1
DA:4796,480
DA:4797,480
DA:4799,480
DA:4801,6289
DA:4802,6289
DA:4805,480
DA:4806,480
DA:4818,1
DA:4819,30
DA:4824,243
DA:4835,1
DA:4836,371
DA:4838,4244
DA:4848,1
DA:4849,30
DA:4851,30
DA:4853,30
DA:4855,30
DA:4856,30
DA:4866,1
DA:4867,30
DA:4868,30
DA:4870,0
DA:4872,0
DA:4886,1
DA:4887,30
DA:4888,30
DA:4890,30
DA:4892,238
DA:4893,238
DA:4905,1
DA:4906,30
DA:4907,30
DA:4909,233
DA:4921,1
DA:4922,480
DA:4924,480
DA:4926,480
DA:4930,480
DA:4932,6859
DA:4933,0
DA:4935,6859
DA:4941,480
DA:4943,6269
DA:4944,6214
DA:4946,55
DA:4961,1
DA:4962,30
DA:4963,30
DA:4965,237
DA:4975,1
DA:4976,1230
DA:4978,1361
DA:4979,1361
DA:4989,1
DA:5000,1
DA:5002,1
DA:5009,1
DA:5010,360
DA:5018,1
DA:5027,1
DA:5028,62
DA:5029,62
DA:5030,62
DA:5038,1
DA:5047,1
DA:5048,2
DA:5049,2
DA:5050,2
DA:5058,1
DA:5063,1
DA:5070,1
DA:5071,30
DA:5072,30
DA:5074,30
DA:5077,0
DA:5086,1
DA:5096,0
DA:5099,0
DA:5103,120
DA:5104,120
DA:5107,60
DA:5111,0
DA:5114,0
DA:5117,0
DA:5120,0
DA:5124,0
DA:5127,0
DA:5130,0
DA:5133,60
DA:5136,0
DA:5152,1
DA:5159,1
DA:5167,1
DA:5168,90
DA:5169,90
DA:5179,1
DA:5180,90
DA:5181,90
DA:5182,90
DA:5192,1
DA:5193,691
DA:5201,1
DA:5202,510
DA:5211,1
DA:5212,300
DA:5213,300
DA:5222,1
DA:5223,30
DA:5224,30
DA:5225,30
DA:5234,1
DA:5247,1
DA:5249,1
DA:5256,1
DA:5265,1
DA:5266,63
DA:5267,63
DA:5268,63
DA:5276,1
DA:5285,1
DA:5286,2
DA:5287,2
DA:5288,2
DA:5296,1
DA:5301,1
DA:5308,1
DA:5309,30
DA:5310,30
DA:5312,30
DA:5315,0
DA:5324,1
DA:5334,0
DA:5337,0
DA:5341,150
DA:5344,60
DA:5348,90
DA:5351,30
DA:5354,0
DA:5358,60
DA:5361,690
DA:5364,61
DA:5367,210
DA:5370,0
DA:5389,1
DA:5391,1
DA:5392,90
DA:5393,90
DA:5403,1
DA:5404,30
DA:5405,30
DA:5415,1
DA:5416,120
DA:5417,120
DA:5418,120
DA:5428,1
DA:5429,60
DA:5430,60
DA:5439,1
DA:5444,1
DA:5449,1
DA:5453,0
DA:5456,0
DA:5459,0
DA:5462,30
DA:5476,1
DA:5484,1
DA:5485,1059
DA:5486,1382
DA:5489,1352
DA:5500,1
DA:5501,888
DA:5502,1631
DA:5504,502
DA:5507,1438
DA:5518,1
DA:5519,177
DA:5520,236
DA:5522,118
DA:5523,118
DA:5524,118
DA:5527,176
DA:5548,1
DA:5549,177
DA:5550,705
DA:5551,792
DA:5553,792
DA:5562,705
DA:5571,1
DA:5572,1527
DA:5580,1
DA:5581,1527
DA:5582,1527
DA:5583,2026
DA:5586,2026
DA:5598,1
DA:5599,0
DA:5600,0
DA:5601,0
DA:5622,1
DA:5623,0
DA:5624,0
DA:5634,1
DA:5635,120
DA:5636,120
DA:5637,642
DA:5649,1
DA:5650,0
DA:5651,0
DA:5652,0
DA:5663,1
DA:5664,60
DA:5672,1
DA:5673,60
DA:5674,60
DA:5675,321
DA:5676,321
DA:5677,306
DA:5691,1
DA:5698,1
DA:5703,1
DA:5708,1
DA:5721,1
DA:5728,1
DA:5729,150
DA:5737,1
DA:5738,90
DA:5739,90
DA:5741,60
DA:5744,60
DA:5757,1
DA:5758,60
DA:5759,60
DA:5768,1
DA:5777,1
DA:5778,1
DA:5779,1
DA:5780,1
DA:5788,1
DA:5793,1
DA:5800,1
DA:5801,30
DA:5802,30
DA:5804,30
DA:5810,0
DA:5819,1
DA:5825,0
DA:5828,0
DA:5831,0
DA:5834,30
DA:5835,30
DA:5841,0
DA:5854,1
DA:5861,1
DA:5862,60
DA:5870,1
DA:5871,1050
DA:5872,750
DA:5881,1
DA:5882,0
DA:5891,1
DA:5892,30
DA:5893,30
DA:5903,1
DA:5904,330
DA:5905,330
DA:5906,330
DA:5916,1
DA:5917,60
DA:5918,60
DA:5927,1
DA:5939,1
DA:5941,1
DA:5948,1
DA:5957,1
DA:5958,61
DA:5959,61
DA:5960,61
DA:5968,1
DA:5977,1
DA:5978,2
DA:5979,2
DA:5980,2
DA:5988,1
DA:5993,1
DA:6000,1
DA:6001,30
DA:6002,30
DA:6004,30
DA:6007,0
DA:6016,1
DA:6025,0
DA:6028,0
DA:6032,90
DA:6035,60
DA:6039,0
DA:6042,0
DA:6045,90
DA:6048,0
DA:6061,1
DA:6068,1
DA:6069,540
DA:6070,450
DA:6079,1
DA:6080,0
DA:6081,0
DA:6090,1
DA:6091,540
DA:6092,450
DA:6102,1
DA:6103,60
DA:6104,60
DA:6105,60
DA:6116,1
DA:6117,481
DA:6118,481
DA:6119,481
DA:6122,481
DA:6132,1
DA:6133,90
DA:6134,90
DA:6143,1
DA:6155,1
DA:6157,1
DA:6164,1
DA:6173,1
DA:6174,61
DA:6175,61
DA:6176,61
DA:6184,1
DA:6193,1
DA:6194,2
DA:6195,2
DA:6196,2
DA:6204,1
DA:6209,1
DA:6216,1
DA:6217,30
DA:6218,30
DA:6220,30
DA:6223,0
DA:6232,1
DA:6242,0
DA:6245,0
DA:6249,90
DA:6252,60
DA:6256,0
DA:6259,0
DA:6262,150
DA:6265,0
DA:6277,1
DA:6284,1
DA:6285,35
DA:6286,5
DA:6295,1
DA:6296,5
DA:6304,1
DA:6305,5
DA:6306,5
DA:6315,1
DA:6316,0
DA:6317,0
DA:6327,1
DA:6328,0
DA:6329,0
DA:6339,1
DA:6340,14
DA:6341,14
DA:6342,14
DA:6343,14
DA:6352,1
DA:6353,1
DA:6361,1
DA:6362,0
DA:6371,1
DA:6372,5
DA:6373,5
DA:6378,1
DA:6387,0
DA:6394,0
DA:6395,0
DA:6396,0
DA:6405,0
DA:6406,0
DA:6407,0
DA:6416,0
DA:6417,0
DA:6425,0
DA:6426,0
DA:6427,0
DA:6436,0
DA:6437,0
DA:6438,0
DA:6448,0
DA:6449,0
DA:6450,0
DA:6460,0
DA:6461,0
DA:6462,0
DA:6463,0
DA:6464,0
DA:6465,0
DA:6475,0
DA:6476,0
DA:6477,0
DA:6486,0
DA:6487,0
DA:6488,0
DA:6498,0
DA:6499,0
DA:6500,0
DA:6504,0
DA:6512,1
DA:6521,1
DA:6522,1
DA:6523,1
DA:6524,1
DA:6532,1
DA:6537,1
DA:6544,1
DA:6545,30
DA:6546,30
DA:6548,30
DA:6551,0
DA:6560,1
DA:6566,0
DA:6569,0
DA:6572,0
DA:6575,0
DA:6578,30
DA:6581,0
DA:6642,1
DA:6652,1
DA:6653,30
DA:6654,30
DA:6655,265
DA:6656,235
DA:6657,235
DA:6660,30
DA:6668,1
DA:6669,270
DA:6672,270
DA:6673,1376
DA:6676,270
DA:6685,1
DA:6686,30
DA:6690,30
DA:6691,235
DA:6692,235
DA:6693,2929
DA:6694,2929
DA:6696,235
DA:6699,30
DA:6707,1
DA:6708,34
DA:6716,1
DA:6717,599
DA:6718,599
DA:6720,599
DA:6721,20178
DA:6722,20178
DA:6725,599
DA:6734,1
DA:6735,240
DA:6738,270
DA:6749,1
DA:6750,265
DA:6758,1
DA:6759,30
DA:6760,269
DA:6762,239
DA:6763,239
DA:6766,30
DA:6774,1
DA:6775,60
DA:6776,237
DA:6778,177
DA:6779,177
DA:6782,60
DA:6790,1
DA:6791,30
DA:6793,21
DA:6794,111
DA:6796,90
DA:6797,90
DA:6800,21
DA:6809,1
DA:6810,30
DA:6812,47
DA:6813,44
DA:6815,17
DA:6816,17
DA:6821,30
DA:6830,1
DA:6831,30
DA:6833,30
DA:6834,163
DA:6835,29
DA:6837,134
DA:6839,1
DA:6847,1
DA:6848,60
DA:6850,60
DA:6861,1
DA:6862,721
DA:6864,721
DA:6865,5235
DA:6867,5235
DA:6868,0
DA:6871,5235
DA:6872,5235
DA:6874,721
DA:6882,1
DA:6883,30
DA:6884,300
DA:6886,270
DA:6887,270
DA:6888,270
DA:6889,140
DA:6891,130
DA:6895,30
DA:6903,1
DA:6904,0
DA:6905,0
DA:6907,0
DA:6908,0
DA:6909,0
DA:6911,0
DA:6915,0
DA:6923,1
DA:6924,0
DA:6933,1
DA:6934,331
DA:6935,1105
DA:6937,774
DA:6938,774
DA:6941,331
DA:6949,1
DA:6950,60
DA:6954,60
DA:6955,299
DA:6956,299
DA:6957,299
DA:6959,60
DA:6967,1
DA:6968,0
DA:6969,0
DA:6971,0
DA:6972,0
DA:6973,0
DA:6975,0
DA:6979,0
DA:6988,1
DA:6989,60
DA:6992,265
DA:7002,1
DA:7003,0
DA:7005,0
DA:7006,0
DA:7008,0
DA:7009,0
DA:7010,0
DA:7011,0
DA:7012,0
DA:7014,0
DA:7018,0
DA:7026,1
DA:7027,9427
DA:7035,1
DA:7036,30
DA:7037,90
DA:7039,60
DA:7040,60
DA:7043,30
DA:7052,1
DA:7053,60
DA:7055,58
DA:7056,495
DA:7058,437
DA:7059,437
DA:7062,58
DA:7071,1
DA:7072,30
DA:7080,1
DA:7081,1566
DA:7082,31483
DA:7084,29917
DA:7085,29917
DA:7089,1566
DA:7093,1566
DA:7101,1
DA:7102,291
DA:7103,2509
DA:7105,2218
DA:7106,2218
DA:7109,291
DA:7117,1
DA:7118,60
DA:7122,60
DA:7123,152
DA:7124,152
DA:7125,152
DA:7127,60
DA:7135,1
DA:7136,30
DA:7138,17
DA:7139,66
DA:7141,49
DA:7142,49
DA:7145,17
DA:7154,1
DA:7155,30
DA:7157,53
DA:7158,48
DA:7160,23
DA:7161,23
DA:7166,30
DA:7176,1
DA:7177,30
DA:7181,30
DA:7182,191
DA:7183,191
DA:7184,191
DA:7186,30
DA:7195,1
DA:7196,30
DA:7200,30
DA:7201,310
DA:7202,310
DA:7204,30
DA:7213,1
DA:7214,1
DA:7221,1
DA:7222,1
DA:7229,1
DA:7230,780
DA:7238,1
DA:7239,0
DA:7247,1
DA:7260,1
DA:7262,1
DA:7269,1
DA:7278,1
DA:7279,79
DA:7280,79
DA:7281,79
DA:7289,1
DA:7298,1
DA:7299,2
DA:7300,2
DA:7301,2
DA:7309,1
DA:7314,1
DA:7321,1
DA:7322,30
DA:7323,30
DA:7325,30
DA:7329,30
DA:7330,225
DA:7332,225
DA:7333,29
DA:7336,225
DA:7339,30
DA:7342,0
DA:7353,1
DA:7354,30
DA:7355,29
DA:7357,29
DA:7360,0
DA:7369,1
DA:7381,0
DA:7384,0
DA:7388,630
DA:7392,630
DA:7393,4953
DA:7396,630
DA:7399,60
DA:7403,0
DA:7406,0
DA:7407,0
DA:7409,0
DA:7412,0
DA:7415,0
DA:7419,0
DA:7422,0
DA:7425,0
DA:7428,0
DA:7431,0
DA:7434,0
DA:7437,0
DA:7440,0
DA:7443,0
DA:7446,0
DA:7449,0
DA:7452,0
DA:7455,0
DA:7458,0
DA:7461,0
DA:7464,0
DA:7467,0
DA:7470,0
DA:7474,0
DA:7477,0
DA:7480,901
DA:7483,60
DA:7504,1
DA:7511,1
DA:7512,0
DA:7513,0
DA:7522,1
DA:7523,0
DA:7524,0
DA:7533,1
DA:7534,0
DA:7535,0
DA:7544,1
DA:7545,0
DA:7546,0
DA:7553,1
DA:7554,6045
DA:7555,6045
DA:7564,1
DA:7565,12
DA:7566,35918
DA:7569,35918
DA:7570,13542
DA:7571,13542
DA:7573,22376
DA:7583,1
DA:7584,5
DA:7585,5
DA:7586,9713
DA:7587,9713
DA:7588,4617
DA:7590,5096
DA:7601,1
DA:7602,26165
DA:7603,26165
DA:7604,68894
DA:7605,68894
DA:7607,28303
DA:7608,28303
DA:7611,40591
DA:7623,1
DA:7624,1
DA:7625,1
DA:7626,5767
DA:7627,5767
DA:7629,5767
DA:7630,5767
DA:7631,5767
DA:7633,1862
DA:7634,1862
DA:7637,3905
DA:7642,0
DA:7653,1
DA:7654,2196
DA:7656,7962
DA:7657,15918
DA:7659,15918
DA:7660,15918
DA:7662,7956
DA:7663,7956
DA:7666,7962
DA:7669,7962
DA:7671,1908
DA:7674,6054
DA:7683,0
DA:7688,2196
DA:7689,7962
DA:7694,7962
DA:7703,1
DA:7704,275
DA:7705,6045
DA:7707,6045
DA:7710,0
DA:7719,1
DA:7720,471
DA:7721,471
DA:7722,29337
DA:7723,29337
DA:7725,9915
DA:7728,19422
DA:7729,19422
DA:7731,3110
DA:7734,16312
DA:7747,1
DA:7748,9759
DA:7749,9993
DA:7750,9860
DA:7751,9860
DA:7762,1
DA:7763,1030
DA:7764,1030
DA:7767,88
DA:7769,28
DA:7782,1
DA:7783,942
DA:7784,942
DA:7792,1
DA:7797,1
DA:7802,1
DA:7806,0
DA:7809,0
DA:7825,1
DA:7833,1
DA:7868,29
DA:7870,29
DA:7873,31
DA:7875,2
DA:7878,30
DA:7881,5376
DA:7884,450
DA:7889,5767
DA:7890,1862
DA:7904,661
DA:7906,1262
DA:7909,1863
DA:7914,661
DA:7915,210
DA:7917,451
DA:7918,1293
DA:7920,451
DA:7921,843
DA:7923,451
DA:7933,451
DA:7936,451
DA:7937,481
DA:7940,661
DA:7946,661
DA:7948,451
DA:7953,481
DA:7957,30
DA:7958,30
DA:7960,30
DA:7961,0
DA:7964,30
DA:7971,1
DA:7972,1592
DA:7973,1532
DA:7975,60
DA:7979,1
DA:7980,1592
DA:7981,1532
DA:7983,60
DA:7987,1
DA:7988,2193
DA:7989,2794
DA:7994,1
DA:7995,451
DA:7996,451
DA:7997,661
DA:7998,661
DA:7999,631
DA:8004,631
DA:8006,661
DA:8011,1
DA:8012,1353
DA:8013,181
DA:8015,1172
DA:8019,1
DA:8020,1592
DA:8021,1592
DA:8023,1592
DA:8030,1
DA:8031,1592
DA:8032,1412
DA:8034,180
DA:8038,1
DA:8039,481
DA:8042,481
DA:8043,661
DA:8044,661
DA:8045,451
DA:8049,30
DA:8053,1
DA:8054,1592
DA:8057,1592
DA:8059,1592
DA:8061,1592
DA:8064,2794
DA:8070,2794
DA:8071,1111
DA:8073,1111
DA:8075,931
DA:8078,180
DA:8081,1683
DA:8082,1353
DA:8083,393
DA:8086,1353
DA:8087,120
DA:8088,1233
DA:8089,1142
DA:8090,91
DA:8091,61
DA:8094,30
DA:8096,330
DA:8101,0
DA:8110,1
DA:8111,1683
DA:8113,1683
DA:8114,1683
DA:8116,1562
DA:8118,1562
DA:8121,30
DA:8124,31
DA:8135,1
DA:8136,241
DA:8138,241
DA:8140,180
DA:8143,30
DA:8146,31
DA:8152,1
DA:8153,3094
DA:8161,1
DA:8162,1
DA:8163,1
DA:8164,1
DA:8171,1
DA:8172,1
DA:8173,1
DA:8174,1
DA:8181,1
DA:8182,1
DA:8183,1
DA:8184,1
DA:8191,1
DA:8192,1
DA:8193,1
DA:8194,1
DA:8199,1
DA:8205,1
DA:8224,1
DA:8226,750
DA:8230,750
DA:8231,1230
DA:8232,1230
DA:8253,1
DA:8254,90
DA:8257,90
DA:8260,90
DA:8262,90
DA:8263,0
DA:8267,90
DA:8269,90
DA:8271,90
DA:8272,90
DA:8279,90
DA:8280,90
DA:8282,90
DA:8283,0
DA:8291,1
DA:8295,1
DA:8297,1
DA:8299,0
LF:2040
LH:1732
BRDA:110,1,0,685538
BRDA:110,1,1,2431451
BRDA:136,2,0,495
BRDA:136,2,1,12
BRDA:137,3,0,495
BRDA:137,3,1,12
BRDA:140,4,0,254
BRDA:140,4,1,45
BRDA:153,5,0,3
BRDA:153,5,1,2
BRDA:168,6,0,0
BRDA:168,6,1,12643
BRDA:178,7,0,2
BRDA:178,7,1,55739
BRDA:201,8,0,4603610
BRDA:201,8,1,4601377
BRDA:210,9,0,8837209
BRDA:210,9,1,4671933
BRDA:234,10,0,17
BRDA:234,10,1,499873
BRDA:287,11,0,4237054
BRDA:287,11,1,0
BRDA:305,12,0,0
BRDA:305,12,1,4237054
BRDA:331,13,0,3874637
BRDA:331,13,1,362414
BRDA:482,14,0,345773
BRDA:482,14,1,341554
BRDA:492,15,0,18264
BRDA:492,15,1,18263
BRDA:579,16,0,1324
BRDA:579,16,1,4917
BRDA:605,17,0,120
BRDA:605,17,1,10
BRDA:634,18,0,15552
BRDA:634,18,1,3510
BRDA:634,18,2,1440
BRDA:634,18,3,120
BRDA:641,19,0,2100
BRDA:641,19,1,0
BRDA:648,20,0,0
BRDA:648,20,1,0
BRDA:697,21,0,0
BRDA:697,21,1,0
BRDA:803,22,0,386138
BRDA:803,22,1,0
BRDA:813,23,0,0
BRDA:813,23,1,0
BRDA:813,24,0,0
BRDA:813,24,1,0
BRDA:843,25,0,822
BRDA:843,25,1,0
BRDA:881,26,0,2
BRDA:881,26,1,19
BRDA:882,27,0,2
BRDA:882,27,1,17
BRDA:919,28,0,1
BRDA:919,28,1,2
BRDA:936,29,0,1
BRDA:936,29,1,0
BRDA:953,30,0,0
BRDA:953,30,1,0
BRDA:986,31,0,0
BRDA:986,31,1,60
BRDA:992,32,0,30
BRDA:992,32,1,30
BRDA:992,33,0,60
BRDA:992,33,1,60
BRDA:1013,34,0,0
BRDA:1013,34,1,0
BRDA:1102,35,0,0
BRDA:1102,35,1,1
BRDA:1146,36,0,1
BRDA:1146,36,1,12060
BRDA:1265,37,0,4349
BRDA:1265,37,1,160
BRDA:1265,38,0,4509
BRDA:1265,38,1,321
BRDA:1265,38,2,321
BRDA:1266,39,0,161
BRDA:1266,39,1,4188
BRDA:1311,40,0,0
BRDA:1311,40,1,0
BRDA:1317,41,0,0
BRDA:1317,41,1,0
BRDA:1323,42,0,0
BRDA:1323,42,1,0
BRDA:1327,43,0,0
BRDA:1327,43,1,0
BRDA:1329,44,0,0
BRDA:1329,44,1,0
BRDA:1341,45,0,0
BRDA:1341,45,1,0
BRDA:1412,46,0,5125
BRDA:1412,46,1,81
BRDA:1412,47,0,5206
BRDA:1412,47,1,5204
BRDA:1412,47,2,5176
BRDA:1414,48,0,22809
BRDA:1414,48,1,22800
BRDA:1423,49,0,3076
BRDA:1423,49,1,34
BRDA:1423,50,0,3110
BRDA:1423,50,1,3107
BRDA:1427,51,0,0
BRDA:1427,51,1,6262
BRDA:1431,52,0,0
BRDA:1431,52,1,6262
BRDA:1521,53,0,0
BRDA:1521,53,1,433439
BRDA:1532,54,0,395519
BRDA:1532,54,1,37920
BRDA:1542,55,0,180
BRDA:1542,55,1,0
BRDA:1547,56,0,90
BRDA:1547,56,1,0
BRDA:1554,57,0,3995
BRDA:1554,57,1,21055
BRDA:1564,58,0,0
BRDA:1564,58,1,157
BRDA:1610,59,0,0
BRDA:1610,59,1,246578
BRDA:1637,60,0,6
BRDA:1637,60,1,12
BRDA:1754,61,0,246
BRDA:1754,61,1,246
BRDA:1792,62,0,51
BRDA:1792,62,1,51
BRDA:1811,63,0,389
BRDA:1811,63,1,1980
BRDA:1826,64,0,1532
BRDA:1826,64,1,0
BRDA:1841,65,0,1212
BRDA:1841,65,1,812
BRDA:1860,66,0,0
BRDA:1860,66,1,30
BRDA:1949,67,0,116
BRDA:1949,67,1,115
BRDA:1963,68,0,391
BRDA:1963,68,1,2
BRDA:1982,69,0,60
BRDA:1982,69,1,2
BRDA:2030,70,0,49
BRDA:2030,70,1,64
BRDA:2186,71,0,0
BRDA:2186,71,1,240
BRDA:2205,72,0,0
BRDA:2205,72,1,240
BRDA:2212,73,0,30
BRDA:2212,73,1,210
BRDA:2217,74,0,30
BRDA:2217,74,1,180
BRDA:2222,75,0,30
BRDA:2222,75,1,150
BRDA:2227,76,0,30
BRDA:2227,76,1,120
BRDA:2232,77,0,30
BRDA:2232,77,1,90
BRDA:2237,78,0,30
BRDA:2237,78,1,60
BRDA:2242,79,0,30
BRDA:2242,79,1,30
BRDA:2247,80,0,30
BRDA:2247,80,1,0
BRDA:2257,81,0,60
BRDA:2257,81,1,330
BRDA:2258,82,0,210
BRDA:2258,82,1,180
BRDA:2284,83,0,0
BRDA:2284,83,1,630
BRDA:2378,84,0,3033
BRDA:2378,84,1,330
BRDA:2392,85,0,3363
BRDA:2392,85,1,0
BRDA:2405,86,0,2343
BRDA:2405,86,1,1020
BRDA:2417,87,0,3363
BRDA:2417,87,1,0
BRDA:3354,88,0,5325
BRDA:3354,88,1,0
BRDA:4042,89,0,4663
BRDA:4042,89,1,2282
BRDA:4042,89,2,2132
BRDA:4042,89,3,1952
BRDA:4735,90,0,278
BRDA:4735,90,1,0
BRDA:4754,91,0,6046
BRDA:4754,91,1,6046
BRDA:4781,92,0,115
BRDA:4781,92,1,128
BRDA:4909,93,0,93
BRDA:4909,93,1,140
BRDA:4932,94,0,0
BRDA:4932,94,1,6859
BRDA:4943,95,0,6214
BRDA:4943,95,1,55
BRDA:5554,96,0,87
BRDA:5554,96,1,705
BRDA:5554,97,0,792
BRDA:5554,97,1,792
BRDA:5556,98,0,87
BRDA:5556,98,1,618
BRDA:5556,99,0,705
BRDA:5556,99,1,705
BRDA:5637,100,0,627
BRDA:5637,100,1,15
BRDA:5652,101,0,0
BRDA:5652,101,1,0
BRDA:5652,102,0,0
BRDA:5652,102,1,0
BRDA:6655,103,0,30
BRDA:6655,103,1,235
BRDA:6760,104,0,30
BRDA:6760,104,1,239
BRDA:6763,105,0,118
BRDA:6763,105,1,121
BRDA:6776,106,0,60
BRDA:6776,106,1,177
BRDA:6776,107,0,237
BRDA:6776,107,1,235
BRDA:6791,108,0,9
BRDA:6791,108,1,21
BRDA:6794,109,0,21
BRDA:6794,109,1,90
BRDA:6794,110,0,111
BRDA:6794,110,1,111
BRDA:6812,111,0,3
BRDA:6812,111,1,44
BRDA:6813,112,0,27
BRDA:6813,112,1,17
BRDA:6834,113,0,29
BRDA:6834,113,1,134
BRDA:6864,114,0,5956
BRDA:6864,114,1,5235
BRDA:6865,115,0,5235
BRDA:6865,115,1,5235
BRDA:6867,116,0,0
BRDA:6867,116,1,5235
BRDA:6874,117,0,721
BRDA:6874,117,1,0
BRDA:6874,118,0,721
BRDA:6874,118,1,721
BRDA:6884,119,0,30
BRDA:6884,119,1,270
BRDA:6888,120,0,140
BRDA:6888,120,1,130
BRDA:6905,121,0,0
BRDA:6905,121,1,0
BRDA:6908,122,0,0
BRDA:6908,122,1,0
BRDA:6935,123,0,331
BRDA:6935,123,1,774
BRDA:6954,124,0,359
BRDA:6954,124,1,332
BRDA:6969,125,0,0
BRDA:6969,125,1,0
BRDA:6972,126,0,0
BRDA:6972,126,1,0
BRDA:7003,127,0,0
BRDA:7003,127,1,0
BRDA:7006,128,0,0
BRDA:7006,128,1,0
BRDA:7011,129,0,0
BRDA:7011,129,1,0
BRDA:7037,130,0,30
BRDA:7037,130,1,60
BRDA:7053,131,0,2
BRDA:7053,131,1,58
BRDA:7056,132,0,58
BRDA:7056,132,1,437
BRDA:7103,133,0,291
BRDA:7103,133,1,2218
BRDA:7122,134,0,212
BRDA:7122,134,1,210
BRDA:7136,135,0,13
BRDA:7136,135,1,17
BRDA:7139,136,0,17
BRDA:7139,136,1,49
BRDA:7139,137,0,66
BRDA:7139,137,1,66
BRDA:7157,138,0,5
BRDA:7157,138,1,48
BRDA:7158,139,0,25
BRDA:7158,139,1,23
BRDA:7181,140,0,221
BRDA:7181,140,1,204
BRDA:7332,141,0,29
BRDA:7332,141,1,196
BRDA:7409,142,0,0
BRDA:7409,142,1,0
BRDA:7569,143,0,13542
BRDA:7569,143,1,22376
BRDA:7587,144,0,4617
BRDA:7587,144,1,5096
BRDA:7783,145,0,942
BRDA:7783,145,1,0
BRDA:7914,146,0,210
BRDA:7914,146,1,451
BRDA:7960,147,0,0
BRDA:7960,147,1,30
BRDA:7972,148,0,1532
BRDA:7972,148,1,60
BRDA:7980,149,0,1532
BRDA:7980,149,1,60
BRDA:7989,150,0,931
BRDA:7989,150,1,1863
BRDA:7998,151,0,631
BRDA:7998,151,1,30
BRDA:8012,152,0,181
BRDA:8012,152,1,1172
BRDA:8012,153,0,1353
BRDA:8012,153,1,181
BRDA:8020,154,0,1592
BRDA:8020,154,1,0
BRDA:8031,155,0,1412
BRDA:8031,155,1,180
BRDA:8031,156,0,1592
BRDA:8031,156,1,1412
BRDA:8044,157,0,451
BRDA:8044,157,1,210
BRDA:8057,158,0,1592
BRDA:8057,158,1,0
BRDA:8070,159,0,1111
BRDA:8070,159,1,1683
BRDA:8081,160,0,1353
BRDA:8081,160,1,330
BRDA:8083,161,0,393
BRDA:8083,161,1,0
BRDA:8086,162,0,120
BRDA:8086,162,1,1233
BRDA:8086,163,0,1353
BRDA:8086,163,1,150
BRDA:8088,164,0,1142
BRDA:8088,164,1,91
BRDA:8088,165,0,1233
BRDA:8088,165,1,1203
BRDA:8090,166,0,61
BRDA:8090,166,1,30
BRDA:8090,167,0,91
BRDA:8090,167,1,91
BRDA:8111,168,0,0
BRDA:8111,168,1,1683
BRDA:8117,169,0,1532
BRDA:8117,169,1,30
BRDA:8121,170,0,30
BRDA:8121,170,1,0
BRDA:8124,171,0,31
BRDA:8124,171,1,0
BRDA:8136,172,0,0
BRDA:8136,172,1,241
BRDA:8143,173,0,30
BRDA:8143,173,1,30
BRDA:8146,174,0,31
BRDA:8146,174,1,31
BRDA:8231,175,0,720
BRDA:8231,175,1,510
BRDA:8282,176,0,90
BRDA:8282,176,1,0
BRDA:8295,177,0,1
BRDA:8295,177,1,0
BRF:360
BRH:276
end_of_record
